{"name":"hexo","hostname":"Xiang-Ji","pid":35556,"level":20,"msg":"Hexo version: 3.1.1","time":"2017-01-23T11:35:17.994Z","v":0}
{"name":"hexo","hostname":"Xiang-Ji","pid":35556,"level":20,"msg":"Working directory: E:\\Hexo\\","time":"2017-01-23T11:35:18.000Z","v":0}
{"name":"hexo","hostname":"Xiang-Ji","pid":35556,"level":20,"msg":"Config loaded: E:\\Hexo\\_config.yml","time":"2017-01-23T11:35:18.179Z","v":0}
{"name":"hexo","hostname":"Xiang-Ji","pid":35556,"level":20,"msg":"Plugin loaded: hexo-deployer-git","time":"2017-01-23T11:35:24.121Z","v":0}
{"name":"hexo","hostname":"Xiang-Ji","pid":35556,"level":20,"msg":"Plugin loaded: hexo-generator-archive","time":"2017-01-23T11:35:24.121Z","v":0}
{"name":"hexo","hostname":"Xiang-Ji","pid":35556,"level":20,"msg":"Plugin loaded: hexo-generator-category","time":"2017-01-23T11:35:24.121Z","v":0}
{"name":"hexo","hostname":"Xiang-Ji","pid":35556,"level":20,"msg":"Plugin loaded: hexo-generator-index","time":"2017-01-23T11:35:24.121Z","v":0}
{"name":"hexo","hostname":"Xiang-Ji","pid":35556,"level":20,"msg":"Plugin loaded: hexo-generator-tag","time":"2017-01-23T11:35:24.121Z","v":0}
{"name":"hexo","hostname":"Xiang-Ji","pid":35556,"level":20,"msg":"Plugin loaded: hexo-renderer-marked","time":"2017-01-23T11:35:24.122Z","v":0}
{"name":"hexo","hostname":"Xiang-Ji","pid":35556,"level":20,"msg":"Plugin loaded: hexo-renderer-ejs","time":"2017-01-23T11:35:24.122Z","v":0}
{"name":"hexo","hostname":"Xiang-Ji","pid":35556,"level":20,"msg":"Plugin loaded: hexo-renderer-stylus","time":"2017-01-23T11:35:24.122Z","v":0}
{"name":"hexo","hostname":"Xiang-Ji","pid":35556,"level":20,"msg":"Plugin loaded: hexo-server","time":"2017-01-23T11:35:24.129Z","v":0}
{"name":"hexo","hostname":"Xiang-Ji","pid":35556,"level":20,"msg":"Script loaded: themes\\NexT\\scripts\\merge-configs.js","time":"2017-01-23T11:35:24.132Z","v":0}
{"name":"hexo","hostname":"Xiang-Ji","pid":35556,"level":20,"msg":"Script loaded: themes\\NexT\\scripts\\tags\\button.js","time":"2017-01-23T11:35:24.132Z","v":0}
{"name":"hexo","hostname":"Xiang-Ji","pid":35556,"level":20,"msg":"Script loaded: themes\\NexT\\scripts\\tags\\group-pictures.js","time":"2017-01-23T11:35:24.137Z","v":0}
{"name":"hexo","hostname":"Xiang-Ji","pid":35556,"level":20,"msg":"Script loaded: themes\\NexT\\scripts\\tags\\center-quote.js","time":"2017-01-23T11:35:24.138Z","v":0}
{"name":"hexo","hostname":"Xiang-Ji","pid":35556,"level":20,"msg":"Script loaded: themes\\NexT\\scripts\\tags\\full-image.js","time":"2017-01-23T11:35:24.138Z","v":0}
{"name":"hexo","hostname":"Xiang-Ji","pid":35556,"level":20,"msg":"Script loaded: themes\\NexT\\scripts\\tags\\note.js","time":"2017-01-23T11:35:24.138Z","v":0}
{"name":"hexo","hostname":"Xiang-Ji","pid":35556,"level":20,"msg":"Loading database.","time":"2017-01-23T11:35:24.159Z","v":0}
{"name":"hexo","hostname":"Xiang-Ji","pid":35556,"level":20,"msg":"Unchanged: source/_posts/Design-Patterns.md","time":"2017-01-23T11:35:24.466Z","v":0}
{"name":"hexo","hostname":"Xiang-Ji","pid":35556,"level":20,"msg":"Unchanged: source/_posts/JavaScript学习笔记-1.md","time":"2017-01-23T11:35:24.466Z","v":0}
{"name":"hexo","hostname":"Xiang-Ji","pid":35556,"level":20,"msg":"Unchanged: source/_posts/How-to-build-your-owner-blog-with-HEXO.md","time":"2017-01-23T11:35:24.530Z","v":0}
{"name":"hexo","hostname":"Xiang-Ji","pid":35556,"level":20,"msg":"Unchanged: source/_posts/JavaScript学习笔记-2.md","time":"2017-01-23T11:35:24.530Z","v":0}
{"name":"hexo","hostname":"Xiang-Ji","pid":35556,"level":20,"msg":"Unchanged: source/_posts/Quick-Start.md","time":"2017-01-23T11:35:24.530Z","v":0}
{"name":"hexo","hostname":"Xiang-Ji","pid":35556,"level":20,"msg":"Unchanged: source/_posts/JavaScript学习笔记-3.md","time":"2017-01-23T11:35:24.530Z","v":0}
{"name":"hexo","hostname":"Xiang-Ji","pid":35556,"level":20,"msg":"Unchanged: source/_posts/course-note-2.md","time":"2017-01-23T11:35:24.530Z","v":0}
{"name":"hexo","hostname":"Xiang-Ji","pid":35556,"level":20,"msg":"Unchanged: source/_posts/course-note-1.md","time":"2017-01-23T11:35:24.531Z","v":0}
{"name":"hexo","hostname":"Xiang-Ji","pid":35556,"level":20,"msg":"Unchanged: source/_posts/数字证书基础知识.md","time":"2017-01-23T11:35:24.539Z","v":0}
{"name":"hexo","hostname":"Xiang-Ji","pid":35556,"level":20,"msg":"Unchanged: source/_posts/团队中的git实践.md","time":"2017-01-23T11:35:24.539Z","v":0}
{"name":"hexo","hostname":"Xiang-Ji","pid":35556,"level":20,"msg":"Unchanged: source/_posts/course-note-3.md","time":"2017-01-23T11:35:24.539Z","v":0}
{"name":"hexo","hostname":"Xiang-Ji","pid":35556,"level":20,"msg":"Processed: _posts/Design-Patterns.md","time":"2017-01-23T11:35:24.544Z","v":0}
{"name":"hexo","hostname":"Xiang-Ji","pid":35556,"level":20,"msg":"Processed: _posts/团队中的git实践.md","time":"2017-01-23T11:35:24.545Z","v":0}
{"name":"hexo","hostname":"Xiang-Ji","pid":35556,"level":20,"msg":"Processed: _posts/数字证书基础知识.md","time":"2017-01-23T11:35:24.546Z","v":0}
{"name":"hexo","hostname":"Xiang-Ji","pid":35556,"level":20,"msg":"Processed: _posts/course-note-3.md","time":"2017-01-23T11:35:24.550Z","v":0}
{"name":"hexo","hostname":"Xiang-Ji","pid":35556,"level":20,"msg":"Processed: _posts/course-note-1.md","time":"2017-01-23T11:35:24.553Z","v":0}
{"name":"hexo","hostname":"Xiang-Ji","pid":35556,"level":20,"msg":"Processed: _posts/course-note-2.md","time":"2017-01-23T11:35:24.554Z","v":0}
{"name":"hexo","hostname":"Xiang-Ji","pid":35556,"level":20,"msg":"Processed: _posts/JavaScript学习笔记-3.md","time":"2017-01-23T11:35:24.554Z","v":0}
{"name":"hexo","hostname":"Xiang-Ji","pid":35556,"level":20,"msg":"Processed: _posts/Quick-Start.md","time":"2017-01-23T11:35:24.557Z","v":0}
{"name":"hexo","hostname":"Xiang-Ji","pid":35556,"level":20,"msg":"Processed: _posts/JavaScript学习笔记-2.md","time":"2017-01-23T11:35:24.559Z","v":0}
{"name":"hexo","hostname":"Xiang-Ji","pid":35556,"level":20,"msg":"Processed: _posts/How-to-build-your-owner-blog-with-HEXO.md","time":"2017-01-23T11:35:24.561Z","v":0}
{"name":"hexo","hostname":"Xiang-Ji","pid":35556,"level":20,"msg":"Processed: _posts/JavaScript学习笔记-1.md","time":"2017-01-23T11:35:24.561Z","v":0}
{"name":"hexo","hostname":"Xiang-Ji","pid":35556,"level":20,"msg":"Unchanged: themes/NexT/layout/_scripts/schemes/mist.swig","time":"2017-01-23T11:35:25.127Z","v":0}
{"name":"hexo","hostname":"Xiang-Ji","pid":35556,"level":20,"msg":"Unchanged: themes/NexT/layout/_scripts/schemes/muse.swig","time":"2017-01-23T11:35:25.127Z","v":0}
{"name":"hexo","hostname":"Xiang-Ji","pid":35556,"level":20,"msg":"Unchanged: themes/NexT/source/css/_mixins/Mist.styl","time":"2017-01-23T11:35:25.127Z","v":0}
{"name":"hexo","hostname":"Xiang-Ji","pid":35556,"level":20,"msg":"Unchanged: themes/NexT/source/css/_mixins/Muse.styl","time":"2017-01-23T11:35:25.127Z","v":0}
{"name":"hexo","hostname":"Xiang-Ji","pid":35556,"level":20,"msg":"Unchanged: themes/NexT/source/css/_mixins/custom.styl","time":"2017-01-23T11:35:25.128Z","v":0}
{"name":"hexo","hostname":"Xiang-Ji","pid":35556,"level":20,"msg":"Unchanged: themes/NexT/source/css/_variables/Muse.styl","time":"2017-01-23T11:35:25.128Z","v":0}
{"name":"hexo","hostname":"Xiang-Ji","pid":35556,"level":20,"msg":"Unchanged: themes/NexT/source/css/_variables/custom.styl","time":"2017-01-23T11:35:25.128Z","v":0}
{"name":"hexo","hostname":"Xiang-Ji","pid":35556,"level":20,"msg":"Unchanged: themes/NexT/gulpfile.coffee","time":"2017-01-23T11:35:25.626Z","v":0}
{"name":"hexo","hostname":"Xiang-Ji","pid":35556,"level":20,"msg":"Updated: themes/NexT/_config.yml","time":"2017-01-23T11:35:25.627Z","v":0}
{"name":"hexo","hostname":"Xiang-Ji","pid":35556,"level":20,"msg":"Unchanged: themes/NexT/bower.json","time":"2017-01-23T11:35:25.630Z","v":0}
{"name":"hexo","hostname":"Xiang-Ji","pid":35556,"level":20,"msg":"Unchanged: themes/NexT/README.en.md","time":"2017-01-23T11:35:25.633Z","v":0}
{"name":"hexo","hostname":"Xiang-Ji","pid":35556,"level":20,"msg":"Unchanged: themes/NexT/README.md","time":"2017-01-23T11:35:25.634Z","v":0}
{"name":"hexo","hostname":"Xiang-Ji","pid":35556,"level":20,"msg":"Unchanged: themes/NexT/languages/de.yml","time":"2017-01-23T11:35:25.634Z","v":0}
{"name":"hexo","hostname":"Xiang-Ji","pid":35556,"level":20,"msg":"Unchanged: themes/NexT/languages/default.yml","time":"2017-01-23T11:35:25.635Z","v":0}
{"name":"hexo","hostname":"Xiang-Ji","pid":35556,"level":20,"msg":"Unchanged: themes/NexT/languages/en.yml","time":"2017-01-23T11:35:25.635Z","v":0}
{"name":"hexo","hostname":"Xiang-Ji","pid":35556,"level":20,"msg":"Unchanged: themes/NexT/languages/fr-FR.yml","time":"2017-01-23T11:35:25.636Z","v":0}
{"name":"hexo","hostname":"Xiang-Ji","pid":35556,"level":20,"msg":"Unchanged: themes/NexT/languages/id.yml","time":"2017-01-23T11:35:25.636Z","v":0}
{"name":"hexo","hostname":"Xiang-Ji","pid":35556,"level":20,"msg":"Unchanged: themes/NexT/languages/ja.yml","time":"2017-01-23T11:35:25.637Z","v":0}
{"name":"hexo","hostname":"Xiang-Ji","pid":35556,"level":20,"msg":"Unchanged: themes/NexT/languages/ko.yml","time":"2017-01-23T11:35:25.637Z","v":0}
{"name":"hexo","hostname":"Xiang-Ji","pid":35556,"level":20,"msg":"Unchanged: themes/NexT/languages/pt-BR.yml","time":"2017-01-23T11:35:25.638Z","v":0}
{"name":"hexo","hostname":"Xiang-Ji","pid":35556,"level":20,"msg":"Unchanged: themes/NexT/languages/pt.yml","time":"2017-01-23T11:35:25.638Z","v":0}
{"name":"hexo","hostname":"Xiang-Ji","pid":35556,"level":20,"msg":"Unchanged: themes/NexT/layout/_components/algolia-search/dom.swig","time":"2017-01-23T11:35:25.638Z","v":0}
{"name":"hexo","hostname":"Xiang-Ji","pid":35556,"level":20,"msg":"Unchanged: themes/NexT/layout/_custom/header.swig","time":"2017-01-23T11:35:25.674Z","v":0}
{"name":"hexo","hostname":"Xiang-Ji","pid":35556,"level":20,"msg":"Unchanged: themes/NexT/languages/ru.yml","time":"2017-01-23T11:35:25.674Z","v":0}
{"name":"hexo","hostname":"Xiang-Ji","pid":35556,"level":20,"msg":"Unchanged: themes/NexT/layout/_custom/sidebar.swig","time":"2017-01-23T11:35:25.675Z","v":0}
{"name":"hexo","hostname":"Xiang-Ji","pid":35556,"level":20,"msg":"Unchanged: themes/NexT/languages/zh-Hans.yml","time":"2017-01-23T11:35:25.675Z","v":0}
{"name":"hexo","hostname":"Xiang-Ji","pid":35556,"level":20,"msg":"Unchanged: themes/NexT/languages/zh-hk.yml","time":"2017-01-23T11:35:25.675Z","v":0}
{"name":"hexo","hostname":"Xiang-Ji","pid":35556,"level":20,"msg":"Unchanged: themes/NexT/languages/zh-tw.yml","time":"2017-01-23T11:35:25.676Z","v":0}
{"name":"hexo","hostname":"Xiang-Ji","pid":35556,"level":20,"msg":"Unchanged: themes/NexT/layout/_macro/wechat-subscriber.swig","time":"2017-01-23T11:35:25.676Z","v":0}
{"name":"hexo","hostname":"Xiang-Ji","pid":35556,"level":20,"msg":"Unchanged: themes/NexT/layout/_components/algolia-search/assets.swig","time":"2017-01-23T11:35:25.676Z","v":0}
{"name":"hexo","hostname":"Xiang-Ji","pid":35556,"level":20,"msg":"Unchanged: themes/NexT/layout/_layout.swig","time":"2017-01-23T11:35:25.676Z","v":0}
{"name":"hexo","hostname":"Xiang-Ji","pid":35556,"level":20,"msg":"Unchanged: themes/NexT/layout/_partials/duoshuo-hot-articles.swig","time":"2017-01-23T11:35:25.676Z","v":0}
{"name":"hexo","hostname":"Xiang-Ji","pid":35556,"level":20,"msg":"Unchanged: themes/NexT/layout/_partials/head/custom-head.swig","time":"2017-01-23T11:35:25.676Z","v":0}
{"name":"hexo","hostname":"Xiang-Ji","pid":35556,"level":20,"msg":"Unchanged: themes/NexT/layout/_macro/post-collapse.swig","time":"2017-01-23T11:35:25.676Z","v":0}
{"name":"hexo","hostname":"Xiang-Ji","pid":35556,"level":20,"msg":"Unchanged: themes/NexT/layout/_macro/post.swig","time":"2017-01-23T11:35:25.676Z","v":0}
{"name":"hexo","hostname":"Xiang-Ji","pid":35556,"level":20,"msg":"Unchanged: themes/NexT/layout/_macro/reward.swig","time":"2017-01-23T11:35:25.676Z","v":0}
{"name":"hexo","hostname":"Xiang-Ji","pid":35556,"level":20,"msg":"Unchanged: themes/NexT/layout/_macro/sidebar.swig","time":"2017-01-23T11:35:25.677Z","v":0}
{"name":"hexo","hostname":"Xiang-Ji","pid":35556,"level":20,"msg":"Unchanged: themes/NexT/layout/_partials/page-header.swig","time":"2017-01-23T11:35:25.677Z","v":0}
{"name":"hexo","hostname":"Xiang-Ji","pid":35556,"level":20,"msg":"Unchanged: themes/NexT/layout/_partials/pagination.swig","time":"2017-01-23T11:35:25.677Z","v":0}
{"name":"hexo","hostname":"Xiang-Ji","pid":35556,"level":20,"msg":"Unchanged: themes/NexT/layout/_partials/search/localsearch.swig","time":"2017-01-23T11:35:25.677Z","v":0}
{"name":"hexo","hostname":"Xiang-Ji","pid":35556,"level":20,"msg":"Unchanged: themes/NexT/layout/_partials/search/tinysou.swig","time":"2017-01-23T11:35:25.677Z","v":0}
{"name":"hexo","hostname":"Xiang-Ji","pid":35556,"level":20,"msg":"Unchanged: themes/NexT/layout/_partials/search/swiftype.swig","time":"2017-01-23T11:35:25.678Z","v":0}
{"name":"hexo","hostname":"Xiang-Ji","pid":35556,"level":20,"msg":"Unchanged: themes/NexT/layout/_partials/share/add-this.swig","time":"2017-01-23T11:35:25.678Z","v":0}
{"name":"hexo","hostname":"Xiang-Ji","pid":35556,"level":20,"msg":"Unchanged: themes/NexT/layout/_partials/search.swig","time":"2017-01-23T11:35:25.678Z","v":0}
{"name":"hexo","hostname":"Xiang-Ji","pid":35556,"level":20,"msg":"Unchanged: themes/NexT/layout/_partials/comments.swig","time":"2017-01-23T11:35:25.678Z","v":0}
{"name":"hexo","hostname":"Xiang-Ji","pid":35556,"level":20,"msg":"Unchanged: themes/NexT/layout/_partials/footer.swig","time":"2017-01-23T11:35:25.679Z","v":0}
{"name":"hexo","hostname":"Xiang-Ji","pid":35556,"level":20,"msg":"Unchanged: themes/NexT/layout/_partials/head.swig","time":"2017-01-23T11:35:25.680Z","v":0}
{"name":"hexo","hostname":"Xiang-Ji","pid":35556,"level":20,"msg":"Unchanged: themes/NexT/layout/_scripts/baidu-push.swig","time":"2017-01-23T11:35:25.682Z","v":0}
{"name":"hexo","hostname":"Xiang-Ji","pid":35556,"level":20,"msg":"Unchanged: themes/NexT/layout/_scripts/boostrap.swig","time":"2017-01-23T11:35:25.683Z","v":0}
{"name":"hexo","hostname":"Xiang-Ji","pid":35556,"level":20,"msg":"Unchanged: themes/NexT/layout/_scripts/commons.swig","time":"2017-01-23T11:35:25.683Z","v":0}
{"name":"hexo","hostname":"Xiang-Ji","pid":35556,"level":20,"msg":"Unchanged: themes/NexT/layout/_scripts/pages/post-details.swig","time":"2017-01-23T11:35:25.683Z","v":0}
{"name":"hexo","hostname":"Xiang-Ji","pid":35556,"level":20,"msg":"Unchanged: themes/NexT/layout/_partials/header.swig","time":"2017-01-23T11:35:25.684Z","v":0}
{"name":"hexo","hostname":"Xiang-Ji","pid":35556,"level":20,"msg":"Unchanged: themes/NexT/layout/_scripts/schemes/pisces.swig","time":"2017-01-23T11:35:25.684Z","v":0}
{"name":"hexo","hostname":"Xiang-Ji","pid":35556,"level":20,"msg":"Unchanged: themes/NexT/layout/_scripts/third-party/analytics/baidu-analytics.swig","time":"2017-01-23T11:35:25.684Z","v":0}
{"name":"hexo","hostname":"Xiang-Ji","pid":35556,"level":20,"msg":"Unchanged: themes/NexT/layout/_scripts/third-party/analytics/cnzz-analytics.swig","time":"2017-01-23T11:35:25.684Z","v":0}
{"name":"hexo","hostname":"Xiang-Ji","pid":35556,"level":20,"msg":"Unchanged: themes/NexT/layout/_partials/head/external-fonts.swig","time":"2017-01-23T11:35:25.684Z","v":0}
{"name":"hexo","hostname":"Xiang-Ji","pid":35556,"level":20,"msg":"Unchanged: themes/NexT/layout/_partials/share/baidushare.swig","time":"2017-01-23T11:35:25.684Z","v":0}
{"name":"hexo","hostname":"Xiang-Ji","pid":35556,"level":20,"msg":"Unchanged: themes/NexT/layout/_scripts/third-party/analytics/facebook-sdk.swig","time":"2017-01-23T11:35:25.685Z","v":0}
{"name":"hexo","hostname":"Xiang-Ji","pid":35556,"level":20,"msg":"Unchanged: themes/NexT/layout/_scripts/third-party/analytics/google-analytics.swig","time":"2017-01-23T11:35:25.685Z","v":0}
{"name":"hexo","hostname":"Xiang-Ji","pid":35556,"level":20,"msg":"Unchanged: themes/NexT/layout/_scripts/third-party/analytics/tencent-analytics.swig","time":"2017-01-23T11:35:25.685Z","v":0}
{"name":"hexo","hostname":"Xiang-Ji","pid":35556,"level":20,"msg":"Unchanged: themes/NexT/layout/_scripts/third-party/analytics.swig","time":"2017-01-23T11:35:25.685Z","v":0}
{"name":"hexo","hostname":"Xiang-Ji","pid":35556,"level":20,"msg":"Unchanged: themes/NexT/layout/_scripts/third-party/comments/gentie.swig","time":"2017-01-23T11:35:25.686Z","v":0}
{"name":"hexo","hostname":"Xiang-Ji","pid":35556,"level":20,"msg":"Unchanged: themes/NexT/layout/_partials/share/duoshuo_share.swig","time":"2017-01-23T11:35:25.686Z","v":0}
{"name":"hexo","hostname":"Xiang-Ji","pid":35556,"level":20,"msg":"Unchanged: themes/NexT/layout/_partials/share/jiathis.swig","time":"2017-01-23T11:35:25.687Z","v":0}
{"name":"hexo","hostname":"Xiang-Ji","pid":35556,"level":20,"msg":"Unchanged: themes/NexT/layout/_scripts/third-party/comments/youyan.swig","time":"2017-01-23T11:35:25.687Z","v":0}
{"name":"hexo","hostname":"Xiang-Ji","pid":35556,"level":20,"msg":"Unchanged: themes/NexT/layout/_scripts/third-party/comments.swig","time":"2017-01-23T11:35:25.687Z","v":0}
{"name":"hexo","hostname":"Xiang-Ji","pid":35556,"level":20,"msg":"Unchanged: themes/NexT/layout/_scripts/third-party/analytics/application-insights.swig","time":"2017-01-23T11:35:25.688Z","v":0}
{"name":"hexo","hostname":"Xiang-Ji","pid":35556,"level":20,"msg":"Unchanged: themes/NexT/layout/_scripts/third-party/analytics/busuanzi-counter.swig","time":"2017-01-23T11:35:25.688Z","v":0}
{"name":"hexo","hostname":"Xiang-Ji","pid":35556,"level":20,"msg":"Unchanged: themes/NexT/layout/_scripts/third-party/comments/disqus.swig","time":"2017-01-23T11:35:25.688Z","v":0}
{"name":"hexo","hostname":"Xiang-Ji","pid":35556,"level":20,"msg":"Unchanged: themes/NexT/layout/_scripts/third-party/comments/duoshuo.swig","time":"2017-01-23T11:35:25.689Z","v":0}
{"name":"hexo","hostname":"Xiang-Ji","pid":35556,"level":20,"msg":"Unchanged: themes/NexT/layout/_scripts/third-party/lean-analytics.swig","time":"2017-01-23T11:35:25.689Z","v":0}
{"name":"hexo","hostname":"Xiang-Ji","pid":35556,"level":20,"msg":"Unchanged: themes/NexT/layout/_scripts/third-party/localsearch.swig","time":"2017-01-23T11:35:25.689Z","v":0}
{"name":"hexo","hostname":"Xiang-Ji","pid":35556,"level":20,"msg":"Unchanged: themes/NexT/layout/_scripts/third-party/mathjax.swig","time":"2017-01-23T11:35:25.689Z","v":0}
{"name":"hexo","hostname":"Xiang-Ji","pid":35556,"level":20,"msg":"Unchanged: themes/NexT/layout/index.swig","time":"2017-01-23T11:35:25.689Z","v":0}
{"name":"hexo","hostname":"Xiang-Ji","pid":35556,"level":20,"msg":"Unchanged: themes/NexT/layout/_scripts/third-party/schedule.swig","time":"2017-01-23T11:35:25.689Z","v":0}
{"name":"hexo","hostname":"Xiang-Ji","pid":35556,"level":20,"msg":"Unchanged: themes/NexT/layout/_scripts/third-party/comments/hypercomments.swig","time":"2017-01-23T11:35:25.689Z","v":0}
{"name":"hexo","hostname":"Xiang-Ji","pid":35556,"level":20,"msg":"Unchanged: themes/NexT/layout/_scripts/third-party/tinysou.swig","time":"2017-01-23T11:35:25.690Z","v":0}
{"name":"hexo","hostname":"Xiang-Ji","pid":35556,"level":20,"msg":"Unchanged: themes/NexT/layout/_scripts/vendors.swig","time":"2017-01-23T11:35:25.690Z","v":0}
{"name":"hexo","hostname":"Xiang-Ji","pid":35556,"level":20,"msg":"Unchanged: themes/NexT/layout/schedule.swig","time":"2017-01-23T11:35:25.690Z","v":0}
{"name":"hexo","hostname":"Xiang-Ji","pid":35556,"level":20,"msg":"Unchanged: themes/NexT/scripts/merge-configs.js","time":"2017-01-23T11:35:25.690Z","v":0}
{"name":"hexo","hostname":"Xiang-Ji","pid":35556,"level":20,"msg":"Unchanged: themes/NexT/scripts/tags/button.js","time":"2017-01-23T11:35:25.690Z","v":0}
{"name":"hexo","hostname":"Xiang-Ji","pid":35556,"level":20,"msg":"Unchanged: themes/NexT/scripts/tags/center-quote.js","time":"2017-01-23T11:35:25.690Z","v":0}
{"name":"hexo","hostname":"Xiang-Ji","pid":35556,"level":20,"msg":"Unchanged: themes/NexT/scripts/tags/full-image.js","time":"2017-01-23T11:35:25.690Z","v":0}
{"name":"hexo","hostname":"Xiang-Ji","pid":35556,"level":20,"msg":"Unchanged: themes/NexT/layout/archive.swig","time":"2017-01-23T11:35:25.690Z","v":0}
{"name":"hexo","hostname":"Xiang-Ji","pid":35556,"level":20,"msg":"Unchanged: themes/NexT/layout/category.swig","time":"2017-01-23T11:35:25.690Z","v":0}
{"name":"hexo","hostname":"Xiang-Ji","pid":35556,"level":20,"msg":"Unchanged: themes/NexT/scripts/tags/note.js","time":"2017-01-23T11:35:25.691Z","v":0}
{"name":"hexo","hostname":"Xiang-Ji","pid":35556,"level":20,"msg":"Unchanged: themes/NexT/scripts/tags/group-pictures.js","time":"2017-01-23T11:35:25.691Z","v":0}
{"name":"hexo","hostname":"Xiang-Ji","pid":35556,"level":20,"msg":"Unchanged: themes/NexT/source/css/_common/components/comments.styl","time":"2017-01-23T11:35:25.691Z","v":0}
{"name":"hexo","hostname":"Xiang-Ji","pid":35556,"level":20,"msg":"Unchanged: themes/NexT/layout/page.swig","time":"2017-01-23T11:35:25.691Z","v":0}
{"name":"hexo","hostname":"Xiang-Ji","pid":35556,"level":20,"msg":"Unchanged: themes/NexT/layout/post.swig","time":"2017-01-23T11:35:25.691Z","v":0}
{"name":"hexo","hostname":"Xiang-Ji","pid":35556,"level":20,"msg":"Unchanged: themes/NexT/source/css/_common/components/components.styl","time":"2017-01-23T11:35:25.691Z","v":0}
{"name":"hexo","hostname":"Xiang-Ji","pid":35556,"level":20,"msg":"Unchanged: themes/NexT/source/css/_common/components/back-to-top.styl","time":"2017-01-23T11:35:25.693Z","v":0}
{"name":"hexo","hostname":"Xiang-Ji","pid":35556,"level":20,"msg":"Unchanged: themes/NexT/source/css/_common/components/header/headerband.styl","time":"2017-01-23T11:35:25.693Z","v":0}
{"name":"hexo","hostname":"Xiang-Ji","pid":35556,"level":20,"msg":"Unchanged: themes/NexT/source/css/_common/components/header/header.styl","time":"2017-01-23T11:35:25.694Z","v":0}
{"name":"hexo","hostname":"Xiang-Ji","pid":35556,"level":20,"msg":"Unchanged: themes/NexT/source/css/_common/components/footer/footer.styl","time":"2017-01-23T11:35:25.694Z","v":0}
{"name":"hexo","hostname":"Xiang-Ji","pid":35556,"level":20,"msg":"Unchanged: themes/NexT/source/css/_common/components/header/site-nav.styl","time":"2017-01-23T11:35:25.694Z","v":0}
{"name":"hexo","hostname":"Xiang-Ji","pid":35556,"level":20,"msg":"Unchanged: themes/NexT/source/css/_common/components/highlight/diff.styl","time":"2017-01-23T11:35:25.694Z","v":0}
{"name":"hexo","hostname":"Xiang-Ji","pid":35556,"level":20,"msg":"Unchanged: themes/NexT/package.json","time":"2017-01-23T11:35:25.694Z","v":0}
{"name":"hexo","hostname":"Xiang-Ji","pid":35556,"level":20,"msg":"Unchanged: themes/NexT/layout/tag.swig","time":"2017-01-23T11:35:25.694Z","v":0}
{"name":"hexo","hostname":"Xiang-Ji","pid":35556,"level":20,"msg":"Unchanged: themes/NexT/source/css/_common/components/pages/archive.styl","time":"2017-01-23T11:35:25.694Z","v":0}
{"name":"hexo","hostname":"Xiang-Ji","pid":35556,"level":20,"msg":"Unchanged: themes/NexT/source/css/_common/components/pages/categories.styl","time":"2017-01-23T11:35:25.694Z","v":0}
{"name":"hexo","hostname":"Xiang-Ji","pid":35556,"level":20,"msg":"Unchanged: themes/NexT/source/css/_common/components/buttons.styl","time":"2017-01-23T11:35:25.694Z","v":0}
{"name":"hexo","hostname":"Xiang-Ji","pid":35556,"level":20,"msg":"Unchanged: themes/NexT/source/css/_common/components/pages/pages.styl","time":"2017-01-23T11:35:25.694Z","v":0}
{"name":"hexo","hostname":"Xiang-Ji","pid":35556,"level":20,"msg":"Unchanged: themes/NexT/source/css/_common/components/pages/post-detail.styl","time":"2017-01-23T11:35:25.695Z","v":0}
{"name":"hexo","hostname":"Xiang-Ji","pid":35556,"level":20,"msg":"Unchanged: themes/NexT/source/css/_common/components/header/menu.styl","time":"2017-01-23T11:35:25.695Z","v":0}
{"name":"hexo","hostname":"Xiang-Ji","pid":35556,"level":20,"msg":"Unchanged: themes/NexT/source/css/_common/components/post/post-button.styl","time":"2017-01-23T11:35:25.695Z","v":0}
{"name":"hexo","hostname":"Xiang-Ji","pid":35556,"level":20,"msg":"Unchanged: themes/NexT/source/css/_common/components/post/post-eof.styl","time":"2017-01-23T11:35:25.695Z","v":0}
{"name":"hexo","hostname":"Xiang-Ji","pid":35556,"level":20,"msg":"Unchanged: themes/NexT/source/css/_common/components/header/site-meta.styl","time":"2017-01-23T11:35:25.695Z","v":0}
{"name":"hexo","hostname":"Xiang-Ji","pid":35556,"level":20,"msg":"Unchanged: themes/NexT/source/css/_common/components/highlight/highlight.styl","time":"2017-01-23T11:35:25.695Z","v":0}
{"name":"hexo","hostname":"Xiang-Ji","pid":35556,"level":20,"msg":"Unchanged: themes/NexT/source/css/_common/components/post/post-gallery.styl","time":"2017-01-23T11:35:25.695Z","v":0}
{"name":"hexo","hostname":"Xiang-Ji","pid":35556,"level":20,"msg":"Unchanged: themes/NexT/source/css/_common/components/highlight/theme.styl","time":"2017-01-23T11:35:25.695Z","v":0}
{"name":"hexo","hostname":"Xiang-Ji","pid":35556,"level":20,"msg":"Unchanged: themes/NexT/source/css/_common/components/pages/schedule.styl","time":"2017-01-23T11:35:25.695Z","v":0}
{"name":"hexo","hostname":"Xiang-Ji","pid":35556,"level":20,"msg":"Unchanged: themes/NexT/source/css/_common/components/post/post-collapse.styl","time":"2017-01-23T11:35:25.696Z","v":0}
{"name":"hexo","hostname":"Xiang-Ji","pid":35556,"level":20,"msg":"Unchanged: themes/NexT/source/css/_common/components/post/post-tags.styl","time":"2017-01-23T11:35:25.696Z","v":0}
{"name":"hexo","hostname":"Xiang-Ji","pid":35556,"level":20,"msg":"Unchanged: themes/NexT/source/css/_common/components/post/post-expand.styl","time":"2017-01-23T11:35:25.696Z","v":0}
{"name":"hexo","hostname":"Xiang-Ji","pid":35556,"level":20,"msg":"Unchanged: themes/NexT/source/css/_common/components/post/post-type.styl","time":"2017-01-23T11:35:25.696Z","v":0}
{"name":"hexo","hostname":"Xiang-Ji","pid":35556,"level":20,"msg":"Unchanged: themes/NexT/source/css/_common/components/sidebar/sidebar-author-links.styl","time":"2017-01-23T11:35:25.696Z","v":0}
{"name":"hexo","hostname":"Xiang-Ji","pid":35556,"level":20,"msg":"Unchanged: themes/NexT/source/css/_common/components/pagination.styl","time":"2017-01-23T11:35:25.696Z","v":0}
{"name":"hexo","hostname":"Xiang-Ji","pid":35556,"level":20,"msg":"Unchanged: themes/NexT/source/css/_common/components/post/post-meta.styl","time":"2017-01-23T11:35:25.696Z","v":0}
{"name":"hexo","hostname":"Xiang-Ji","pid":35556,"level":20,"msg":"Unchanged: themes/NexT/source/css/_common/components/sidebar/sidebar-blogroll.styl","time":"2017-01-23T11:35:25.697Z","v":0}
{"name":"hexo","hostname":"Xiang-Ji","pid":35556,"level":20,"msg":"Unchanged: themes/NexT/source/css/_common/components/sidebar/sidebar-feed-link.styl","time":"2017-01-23T11:35:25.698Z","v":0}
{"name":"hexo","hostname":"Xiang-Ji","pid":35556,"level":20,"msg":"Unchanged: themes/NexT/source/css/_common/components/post/post-nav.styl","time":"2017-01-23T11:35:25.699Z","v":0}
{"name":"hexo","hostname":"Xiang-Ji","pid":35556,"level":20,"msg":"Unchanged: themes/NexT/source/css/_common/components/post/post-reward.styl","time":"2017-01-23T11:35:25.699Z","v":0}
{"name":"hexo","hostname":"Xiang-Ji","pid":35556,"level":20,"msg":"Unchanged: themes/NexT/source/css/_common/components/sidebar/sidebar-toggle.styl","time":"2017-01-23T11:35:25.699Z","v":0}
{"name":"hexo","hostname":"Xiang-Ji","pid":35556,"level":20,"msg":"Unchanged: themes/NexT/source/css/_common/components/post/post-title.styl","time":"2017-01-23T11:35:25.699Z","v":0}
{"name":"hexo","hostname":"Xiang-Ji","pid":35556,"level":20,"msg":"Unchanged: themes/NexT/source/css/_common/components/post/post.styl","time":"2017-01-23T11:35:25.700Z","v":0}
{"name":"hexo","hostname":"Xiang-Ji","pid":35556,"level":20,"msg":"Unchanged: themes/NexT/source/css/_common/components/tag-cloud.styl","time":"2017-01-23T11:35:25.700Z","v":0}
{"name":"hexo","hostname":"Xiang-Ji","pid":35556,"level":20,"msg":"Unchanged: themes/NexT/source/css/_common/components/sidebar/sidebar-author.styl","time":"2017-01-23T11:35:25.701Z","v":0}
{"name":"hexo","hostname":"Xiang-Ji","pid":35556,"level":20,"msg":"Unchanged: themes/NexT/source/css/_common/components/sidebar/sidebar-nav.styl","time":"2017-01-23T11:35:25.701Z","v":0}
{"name":"hexo","hostname":"Xiang-Ji","pid":35556,"level":20,"msg":"Unchanged: themes/NexT/source/css/_common/components/tags/full-image.styl","time":"2017-01-23T11:35:25.701Z","v":0}
{"name":"hexo","hostname":"Xiang-Ji","pid":35556,"level":20,"msg":"Unchanged: themes/NexT/source/css/_common/components/sidebar/sidebar-toc.styl","time":"2017-01-23T11:35:25.701Z","v":0}
{"name":"hexo","hostname":"Xiang-Ji","pid":35556,"level":20,"msg":"Unchanged: themes/NexT/source/css/_common/components/sidebar/sidebar.styl","time":"2017-01-23T11:35:25.701Z","v":0}
{"name":"hexo","hostname":"Xiang-Ji","pid":35556,"level":20,"msg":"Unchanged: themes/NexT/source/css/_common/components/tags/tags.styl","time":"2017-01-23T11:35:25.702Z","v":0}
{"name":"hexo","hostname":"Xiang-Ji","pid":35556,"level":20,"msg":"Unchanged: themes/NexT/source/css/_common/components/sidebar/site-state.styl","time":"2017-01-23T11:35:25.702Z","v":0}
{"name":"hexo","hostname":"Xiang-Ji","pid":35556,"level":20,"msg":"Unchanged: themes/NexT/source/css/_common/components/third-party/baidushare.styl","time":"2017-01-23T11:35:25.702Z","v":0}
{"name":"hexo","hostname":"Xiang-Ji","pid":35556,"level":20,"msg":"Unchanged: themes/NexT/source/css/_common/components/tags/blockquote-center.styl","time":"2017-01-23T11:35:25.702Z","v":0}
{"name":"hexo","hostname":"Xiang-Ji","pid":35556,"level":20,"msg":"Unchanged: themes/NexT/source/css/_common/components/tags/group-pictures.styl","time":"2017-01-23T11:35:25.702Z","v":0}
{"name":"hexo","hostname":"Xiang-Ji","pid":35556,"level":20,"msg":"Unchanged: themes/NexT/source/css/_common/components/third-party/jiathis.styl","time":"2017-01-23T11:35:25.702Z","v":0}
{"name":"hexo","hostname":"Xiang-Ji","pid":35556,"level":20,"msg":"Unchanged: themes/NexT/source/css/_common/components/third-party/busuanzi-counter.styl","time":"2017-01-23T11:35:25.702Z","v":0}
{"name":"hexo","hostname":"Xiang-Ji","pid":35556,"level":20,"msg":"Unchanged: themes/NexT/source/css/_common/components/third-party/third-party.styl","time":"2017-01-23T11:35:25.703Z","v":0}
{"name":"hexo","hostname":"Xiang-Ji","pid":35556,"level":20,"msg":"Unchanged: themes/NexT/source/css/_common/components/tags/note.styl","time":"2017-01-23T11:35:25.703Z","v":0}
{"name":"hexo","hostname":"Xiang-Ji","pid":35556,"level":20,"msg":"Unchanged: themes/NexT/source/css/_common/components/third-party/gentie.styl","time":"2017-01-23T11:35:25.703Z","v":0}
{"name":"hexo","hostname":"Xiang-Ji","pid":35556,"level":20,"msg":"Unchanged: themes/NexT/source/css/_common/components/third-party/algolia-search.styl","time":"2017-01-23T11:35:25.703Z","v":0}
{"name":"hexo","hostname":"Xiang-Ji","pid":35556,"level":20,"msg":"Unchanged: themes/NexT/source/css/_common/scaffolding/scaffolding.styl","time":"2017-01-23T11:35:25.704Z","v":0}
{"name":"hexo","hostname":"Xiang-Ji","pid":35556,"level":20,"msg":"Unchanged: themes/NexT/source/css/_common/components/third-party/duoshuo.styl","time":"2017-01-23T11:35:25.704Z","v":0}
{"name":"hexo","hostname":"Xiang-Ji","pid":35556,"level":20,"msg":"Unchanged: themes/NexT/source/css/_common/components/third-party/localsearch.styl","time":"2017-01-23T11:35:25.704Z","v":0}
{"name":"hexo","hostname":"Xiang-Ji","pid":35556,"level":20,"msg":"Unchanged: themes/NexT/source/css/_common/scaffolding/base.styl","time":"2017-01-23T11:35:25.704Z","v":0}
{"name":"hexo","hostname":"Xiang-Ji","pid":35556,"level":20,"msg":"Unchanged: themes/NexT/source/css/_common/outline/outline.styl","time":"2017-01-23T11:35:25.704Z","v":0}
{"name":"hexo","hostname":"Xiang-Ji","pid":35556,"level":20,"msg":"Unchanged: themes/NexT/source/css/_custom/custom.styl","time":"2017-01-23T11:35:25.704Z","v":0}
{"name":"hexo","hostname":"Xiang-Ji","pid":35556,"level":20,"msg":"Unchanged: themes/NexT/source/css/_mixins/Pisces.styl","time":"2017-01-23T11:35:25.705Z","v":0}
{"name":"hexo","hostname":"Xiang-Ji","pid":35556,"level":20,"msg":"Unchanged: themes/NexT/source/css/_schemes/Mist/_base.styl","time":"2017-01-23T11:35:25.707Z","v":0}
{"name":"hexo","hostname":"Xiang-Ji","pid":35556,"level":20,"msg":"Unchanged: themes/NexT/source/css/_common/scaffolding/helpers.styl","time":"2017-01-23T11:35:25.707Z","v":0}
{"name":"hexo","hostname":"Xiang-Ji","pid":35556,"level":20,"msg":"Unchanged: themes/NexT/source/css/_schemes/Mist/_logo.styl","time":"2017-01-23T11:35:25.707Z","v":0}
{"name":"hexo","hostname":"Xiang-Ji","pid":35556,"level":20,"msg":"Unchanged: themes/NexT/source/css/_schemes/Mist/_search.styl","time":"2017-01-23T11:35:25.707Z","v":0}
{"name":"hexo","hostname":"Xiang-Ji","pid":35556,"level":20,"msg":"Unchanged: themes/NexT/source/css/_common/scaffolding/normalize.styl","time":"2017-01-23T11:35:25.707Z","v":0}
{"name":"hexo","hostname":"Xiang-Ji","pid":35556,"level":20,"msg":"Unchanged: themes/NexT/source/css/_mixins/base.styl","time":"2017-01-23T11:35:25.708Z","v":0}
{"name":"hexo","hostname":"Xiang-Ji","pid":35556,"level":20,"msg":"Unchanged: themes/NexT/source/css/_common/scaffolding/tables.styl","time":"2017-01-23T11:35:25.710Z","v":0}
{"name":"hexo","hostname":"Xiang-Ji","pid":35556,"level":20,"msg":"Unchanged: themes/NexT/source/css/_schemes/Mist/sidebar/sidebar-blogroll.styl","time":"2017-01-23T11:35:25.710Z","v":0}
{"name":"hexo","hostname":"Xiang-Ji","pid":35556,"level":20,"msg":"Unchanged: themes/NexT/source/css/_schemes/Mist/outline/outline.styl","time":"2017-01-23T11:35:25.710Z","v":0}
{"name":"hexo","hostname":"Xiang-Ji","pid":35556,"level":20,"msg":"Unchanged: themes/NexT/source/css/_schemes/Muse/_layout.styl","time":"2017-01-23T11:35:25.710Z","v":0}
{"name":"hexo","hostname":"Xiang-Ji","pid":35556,"level":20,"msg":"Unchanged: themes/NexT/source/css/_schemes/Mist/_header.styl","time":"2017-01-23T11:35:25.711Z","v":0}
{"name":"hexo","hostname":"Xiang-Ji","pid":35556,"level":20,"msg":"Unchanged: themes/NexT/source/css/_schemes/Muse/_logo.styl","time":"2017-01-23T11:35:25.711Z","v":0}
{"name":"hexo","hostname":"Xiang-Ji","pid":35556,"level":20,"msg":"Unchanged: themes/NexT/source/css/_schemes/Muse/_menu.styl","time":"2017-01-23T11:35:25.711Z","v":0}
{"name":"hexo","hostname":"Xiang-Ji","pid":35556,"level":20,"msg":"Unchanged: themes/NexT/source/css/_schemes/Muse/_search.styl","time":"2017-01-23T11:35:25.711Z","v":0}
{"name":"hexo","hostname":"Xiang-Ji","pid":35556,"level":20,"msg":"Unchanged: themes/NexT/source/css/_schemes/Muse/sidebar/sidebar-blogroll.styl","time":"2017-01-23T11:35:25.711Z","v":0}
{"name":"hexo","hostname":"Xiang-Ji","pid":35556,"level":20,"msg":"Unchanged: themes/NexT/source/css/_schemes/Muse/index.styl","time":"2017-01-23T11:35:25.711Z","v":0}
{"name":"hexo","hostname":"Xiang-Ji","pid":35556,"level":20,"msg":"Unchanged: themes/NexT/source/css/_schemes/Pisces/_brand.styl","time":"2017-01-23T11:35:25.712Z","v":0}
{"name":"hexo","hostname":"Xiang-Ji","pid":35556,"level":20,"msg":"Unchanged: themes/NexT/source/css/_schemes/Pisces/_posts.styl","time":"2017-01-23T11:35:25.712Z","v":0}
{"name":"hexo","hostname":"Xiang-Ji","pid":35556,"level":20,"msg":"Unchanged: themes/NexT/source/css/_schemes/Mist/_menu.styl","time":"2017-01-23T11:35:25.712Z","v":0}
{"name":"hexo","hostname":"Xiang-Ji","pid":35556,"level":20,"msg":"Unchanged: themes/NexT/source/css/_schemes/Pisces/index.styl","time":"2017-01-23T11:35:25.712Z","v":0}
{"name":"hexo","hostname":"Xiang-Ji","pid":35556,"level":20,"msg":"Unchanged: themes/NexT/source/css/_schemes/Mist/index.styl","time":"2017-01-23T11:35:25.712Z","v":0}
{"name":"hexo","hostname":"Xiang-Ji","pid":35556,"level":20,"msg":"Unchanged: themes/NexT/source/css/_schemes/Mist/_posts-expanded.styl","time":"2017-01-23T11:35:25.712Z","v":0}
{"name":"hexo","hostname":"Xiang-Ji","pid":35556,"level":20,"msg":"Unchanged: themes/NexT/source/css/_variables/Mist.styl","time":"2017-01-23T11:35:25.712Z","v":0}
{"name":"hexo","hostname":"Xiang-Ji","pid":35556,"level":20,"msg":"Unchanged: themes/NexT/source/css/_schemes/Pisces/_layout.styl","time":"2017-01-23T11:35:25.713Z","v":0}
{"name":"hexo","hostname":"Xiang-Ji","pid":35556,"level":20,"msg":"Unchanged: themes/NexT/source/css/_schemes/Pisces/_sidebar.styl","time":"2017-01-23T11:35:25.713Z","v":0}
{"name":"hexo","hostname":"Xiang-Ji","pid":35556,"level":20,"msg":"Unchanged: themes/NexT/source/css/_schemes/Pisces/_menu.styl","time":"2017-01-23T11:35:25.713Z","v":0}
{"name":"hexo","hostname":"Xiang-Ji","pid":35556,"level":20,"msg":"Unchanged: themes/NexT/source/css/_variables/base.styl","time":"2017-01-23T11:35:25.713Z","v":0}
{"name":"hexo","hostname":"Xiang-Ji","pid":35556,"level":20,"msg":"Unchanged: themes/NexT/source/css/main.styl","time":"2017-01-23T11:35:25.713Z","v":0}
{"name":"hexo","hostname":"Xiang-Ji","pid":35556,"level":20,"msg":"Unchanged: themes/NexT/source/css/_variables/Pisces.styl","time":"2017-01-23T11:35:25.713Z","v":0}
{"name":"hexo","hostname":"Xiang-Ji","pid":35556,"level":20,"msg":"Unchanged: themes/NexT/source/images/algolia_logo.svg","time":"2017-01-23T11:35:25.716Z","v":0}
{"name":"hexo","hostname":"Xiang-Ji","pid":35556,"level":20,"msg":"Unchanged: themes/NexT/source/images/cc-by-nc-nd.svg","time":"2017-01-23T11:35:25.716Z","v":0}
{"name":"hexo","hostname":"Xiang-Ji","pid":35556,"level":20,"msg":"Unchanged: themes/NexT/source/images/loading.gif","time":"2017-01-23T11:35:25.717Z","v":0}
{"name":"hexo","hostname":"Xiang-Ji","pid":35556,"level":20,"msg":"Unchanged: themes/NexT/source/images/cc-by-nc-sa.svg","time":"2017-01-23T11:35:25.717Z","v":0}
{"name":"hexo","hostname":"Xiang-Ji","pid":35556,"level":20,"msg":"Unchanged: themes/NexT/source/images/placeholder.gif","time":"2017-01-23T11:35:25.717Z","v":0}
{"name":"hexo","hostname":"Xiang-Ji","pid":35556,"level":20,"msg":"Unchanged: themes/NexT/source/images/cc-by-nc.svg","time":"2017-01-23T11:35:25.717Z","v":0}
{"name":"hexo","hostname":"Xiang-Ji","pid":35556,"level":20,"msg":"Unchanged: themes/NexT/source/images/cc-by-nd.svg","time":"2017-01-23T11:35:25.717Z","v":0}
{"name":"hexo","hostname":"Xiang-Ji","pid":35556,"level":20,"msg":"Unchanged: themes/NexT/source/images/cc-by-sa.svg","time":"2017-01-23T11:35:25.717Z","v":0}
{"name":"hexo","hostname":"Xiang-Ji","pid":35556,"level":20,"msg":"Unchanged: themes/NexT/source/images/avatar.gif","time":"2017-01-23T11:35:25.717Z","v":0}
{"name":"hexo","hostname":"Xiang-Ji","pid":35556,"level":20,"msg":"Unchanged: themes/NexT/source/images/cc-by.svg","time":"2017-01-23T11:35:25.718Z","v":0}
{"name":"hexo","hostname":"Xiang-Ji","pid":35556,"level":20,"msg":"Unchanged: themes/NexT/source/js/src/affix.js","time":"2017-01-23T11:35:25.718Z","v":0}
{"name":"hexo","hostname":"Xiang-Ji","pid":35556,"level":20,"msg":"Unchanged: themes/NexT/source/js/src/algolia-search.js","time":"2017-01-23T11:35:25.718Z","v":0}
{"name":"hexo","hostname":"Xiang-Ji","pid":35556,"level":20,"msg":"Unchanged: themes/NexT/source/js/src/bootstrap.js","time":"2017-01-23T11:35:25.718Z","v":0}
{"name":"hexo","hostname":"Xiang-Ji","pid":35556,"level":20,"msg":"Unchanged: themes/NexT/source/images/quote-l.svg","time":"2017-01-23T11:35:25.718Z","v":0}
{"name":"hexo","hostname":"Xiang-Ji","pid":35556,"level":20,"msg":"Unchanged: themes/NexT/source/js/src/hook-duoshuo.js","time":"2017-01-23T11:35:25.719Z","v":0}
{"name":"hexo","hostname":"Xiang-Ji","pid":35556,"level":20,"msg":"Unchanged: themes/NexT/source/js/src/motion.js","time":"2017-01-23T11:35:25.722Z","v":0}
{"name":"hexo","hostname":"Xiang-Ji","pid":35556,"level":20,"msg":"Unchanged: themes/NexT/source/js/src/schemes/pisces.js","time":"2017-01-23T11:35:25.722Z","v":0}
{"name":"hexo","hostname":"Xiang-Ji","pid":35556,"level":20,"msg":"Unchanged: themes/NexT/source/js/src/post-details.js","time":"2017-01-23T11:35:25.722Z","v":0}
{"name":"hexo","hostname":"Xiang-Ji","pid":35556,"level":20,"msg":"Unchanged: themes/NexT/source/js/src/scrollspy.js","time":"2017-01-23T11:35:25.722Z","v":0}
{"name":"hexo","hostname":"Xiang-Ji","pid":35556,"level":20,"msg":"Unchanged: themes/NexT/source/images/quote-r.svg","time":"2017-01-23T11:35:25.722Z","v":0}
{"name":"hexo","hostname":"Xiang-Ji","pid":35556,"level":20,"msg":"Unchanged: themes/NexT/source/js/src/utils.js","time":"2017-01-23T11:35:25.722Z","v":0}
{"name":"hexo","hostname":"Xiang-Ji","pid":35556,"level":20,"msg":"Unchanged: themes/NexT/source/images/searchicon.png","time":"2017-01-23T11:35:25.723Z","v":0}
{"name":"hexo","hostname":"Xiang-Ji","pid":35556,"level":20,"msg":"Unchanged: themes/NexT/source/lib/fancybox/source/blank.gif","time":"2017-01-23T11:35:25.723Z","v":0}
{"name":"hexo","hostname":"Xiang-Ji","pid":35556,"level":20,"msg":"Unchanged: themes/NexT/source/lib/canvas-nest/canvas-nest.min.js","time":"2017-01-23T11:35:25.723Z","v":0}
{"name":"hexo","hostname":"Xiang-Ji","pid":35556,"level":20,"msg":"Unchanged: themes/NexT/source/lib/fancybox/source/fancybox_loading.gif","time":"2017-01-23T11:35:25.723Z","v":0}
{"name":"hexo","hostname":"Xiang-Ji","pid":35556,"level":20,"msg":"Unchanged: themes/NexT/source/images/cc-zero.svg","time":"2017-01-23T11:35:25.723Z","v":0}
{"name":"hexo","hostname":"Xiang-Ji","pid":35556,"level":20,"msg":"Unchanged: themes/NexT/source/lib/algolia-instant-search/instantsearch.min.css","time":"2017-01-23T11:35:25.723Z","v":0}
{"name":"hexo","hostname":"Xiang-Ji","pid":35556,"level":20,"msg":"Unchanged: themes/NexT/source/lib/fancybox/source/fancybox_loading@2x.gif","time":"2017-01-23T11:35:25.723Z","v":0}
{"name":"hexo","hostname":"Xiang-Ji","pid":35556,"level":20,"msg":"Unchanged: themes/NexT/source/lib/fancybox/source/fancybox_overlay.png","time":"2017-01-23T11:35:25.723Z","v":0}
{"name":"hexo","hostname":"Xiang-Ji","pid":35556,"level":20,"msg":"Unchanged: themes/NexT/source/lib/fancybox/source/fancybox_sprite.png","time":"2017-01-23T11:35:25.724Z","v":0}
{"name":"hexo","hostname":"Xiang-Ji","pid":35556,"level":20,"msg":"Unchanged: themes/NexT/source/lib/fancybox/source/helpers/jquery.fancybox-buttons.js","time":"2017-01-23T11:35:25.724Z","v":0}
{"name":"hexo","hostname":"Xiang-Ji","pid":35556,"level":20,"msg":"Unchanged: themes/NexT/source/lib/fancybox/source/fancybox_sprite@2x.png","time":"2017-01-23T11:35:25.724Z","v":0}
{"name":"hexo","hostname":"Xiang-Ji","pid":35556,"level":20,"msg":"Unchanged: themes/NexT/source/lib/fancybox/source/helpers/jquery.fancybox-media.js","time":"2017-01-23T11:35:25.724Z","v":0}
{"name":"hexo","hostname":"Xiang-Ji","pid":35556,"level":20,"msg":"Unchanged: themes/NexT/source/lib/fancybox/source/helpers/jquery.fancybox-thumbs.js","time":"2017-01-23T11:35:25.727Z","v":0}
{"name":"hexo","hostname":"Xiang-Ji","pid":35556,"level":20,"msg":"Unchanged: themes/NexT/source/lib/fancybox/source/helpers/fancybox_buttons.png","time":"2017-01-23T11:35:25.733Z","v":0}
{"name":"hexo","hostname":"Xiang-Ji","pid":35556,"level":20,"msg":"Unchanged: themes/NexT/source/lib/fancybox/source/jquery.fancybox.js","time":"2017-01-23T11:35:25.733Z","v":0}
{"name":"hexo","hostname":"Xiang-Ji","pid":35556,"level":20,"msg":"Unchanged: themes/NexT/source/lib/fancybox/source/jquery.fancybox.pack.js","time":"2017-01-23T11:35:25.733Z","v":0}
{"name":"hexo","hostname":"Xiang-Ji","pid":35556,"level":20,"msg":"Unchanged: themes/NexT/source/lib/fastclick/bower.json","time":"2017-01-23T11:35:25.733Z","v":0}
{"name":"hexo","hostname":"Xiang-Ji","pid":35556,"level":20,"msg":"Unchanged: themes/NexT/source/lib/fancybox/source/helpers/jquery.fancybox-buttons.css","time":"2017-01-23T11:35:25.734Z","v":0}
{"name":"hexo","hostname":"Xiang-Ji","pid":35556,"level":20,"msg":"Unchanged: themes/NexT/source/lib/fancybox/source/helpers/jquery.fancybox-thumbs.css","time":"2017-01-23T11:35:25.734Z","v":0}
{"name":"hexo","hostname":"Xiang-Ji","pid":35556,"level":20,"msg":"Unchanged: themes/NexT/source/lib/fastclick/LICENSE","time":"2017-01-23T11:35:25.734Z","v":0}
{"name":"hexo","hostname":"Xiang-Ji","pid":35556,"level":20,"msg":"Unchanged: themes/NexT/source/lib/font-awesome/HELP-US-OUT.txt","time":"2017-01-23T11:35:25.734Z","v":0}
{"name":"hexo","hostname":"Xiang-Ji","pid":35556,"level":20,"msg":"Unchanged: themes/NexT/source/lib/font-awesome/bower.json","time":"2017-01-23T11:35:25.736Z","v":0}
{"name":"hexo","hostname":"Xiang-Ji","pid":35556,"level":20,"msg":"Unchanged: themes/NexT/source/lib/fastclick/lib/fastclick.min.js","time":"2017-01-23T11:35:25.737Z","v":0}
{"name":"hexo","hostname":"Xiang-Ji","pid":35556,"level":20,"msg":"Unchanged: themes/NexT/source/lib/fancybox/source/jquery.fancybox.css","time":"2017-01-23T11:35:25.737Z","v":0}
{"name":"hexo","hostname":"Xiang-Ji","pid":35556,"level":20,"msg":"Unchanged: themes/NexT/source/lib/fastclick/README.md","time":"2017-01-23T11:35:25.737Z","v":0}
{"name":"hexo","hostname":"Xiang-Ji","pid":35556,"level":20,"msg":"Unchanged: themes/NexT/source/lib/fastclick/lib/fastclick.js","time":"2017-01-23T11:35:25.737Z","v":0}
{"name":"hexo","hostname":"Xiang-Ji","pid":35556,"level":20,"msg":"Unchanged: themes/NexT/source/lib/jquery_lazyload/bower.json","time":"2017-01-23T11:35:25.737Z","v":0}
{"name":"hexo","hostname":"Xiang-Ji","pid":35556,"level":20,"msg":"Unchanged: themes/NexT/source/lib/font-awesome/css/font-awesome.css","time":"2017-01-23T11:35:25.737Z","v":0}
{"name":"hexo","hostname":"Xiang-Ji","pid":35556,"level":20,"msg":"Unchanged: themes/NexT/source/lib/font-awesome/css/font-awesome.css.map","time":"2017-01-23T11:35:25.737Z","v":0}
{"name":"hexo","hostname":"Xiang-Ji","pid":35556,"level":20,"msg":"Unchanged: themes/NexT/source/lib/font-awesome/css/font-awesome.min.css","time":"2017-01-23T11:35:25.738Z","v":0}
{"name":"hexo","hostname":"Xiang-Ji","pid":35556,"level":20,"msg":"Unchanged: themes/NexT/source/lib/jquery_lazyload/jquery.scrollstop.js","time":"2017-01-23T11:35:25.738Z","v":0}
{"name":"hexo","hostname":"Xiang-Ji","pid":35556,"level":20,"msg":"Unchanged: themes/NexT/source/lib/jquery_lazyload/CONTRIBUTING.md","time":"2017-01-23T11:35:25.738Z","v":0}
{"name":"hexo","hostname":"Xiang-Ji","pid":35556,"level":20,"msg":"Unchanged: themes/NexT/source/lib/jquery_lazyload/jquery.lazyload.js","time":"2017-01-23T11:35:25.738Z","v":0}
{"name":"hexo","hostname":"Xiang-Ji","pid":35556,"level":20,"msg":"Unchanged: themes/NexT/source/lib/ua-parser-js/dist/ua-parser.pack.js","time":"2017-01-23T11:35:25.738Z","v":0}
{"name":"hexo","hostname":"Xiang-Ji","pid":35556,"level":20,"msg":"Unchanged: themes/NexT/source/lib/velocity/bower.json","time":"2017-01-23T11:35:25.738Z","v":0}
{"name":"hexo","hostname":"Xiang-Ji","pid":35556,"level":20,"msg":"Unchanged: themes/NexT/test/helpers.js","time":"2017-01-23T11:35:25.738Z","v":0}
{"name":"hexo","hostname":"Xiang-Ji","pid":35556,"level":20,"msg":"Unchanged: themes/NexT/source/lib/jquery_lazyload/README.md","time":"2017-01-23T11:35:25.738Z","v":0}
{"name":"hexo","hostname":"Xiang-Ji","pid":35556,"level":20,"msg":"Unchanged: themes/NexT/source/lib/ua-parser-js/dist/ua-parser.min.js","time":"2017-01-23T11:35:25.739Z","v":0}
{"name":"hexo","hostname":"Xiang-Ji","pid":35556,"level":20,"msg":"Unchanged: themes/NexT/source/lib/velocity/velocity.min.js","time":"2017-01-23T11:35:25.739Z","v":0}
{"name":"hexo","hostname":"Xiang-Ji","pid":35556,"level":20,"msg":"Unchanged: themes/NexT/test/intern.js","time":"2017-01-23T11:35:25.739Z","v":0}
{"name":"hexo","hostname":"Xiang-Ji","pid":35556,"level":20,"msg":"Unchanged: themes/NexT/source/lib/velocity/velocity.ui.js","time":"2017-01-23T11:35:25.739Z","v":0}
{"name":"hexo","hostname":"Xiang-Ji","pid":35556,"level":20,"msg":"Unchanged: themes/NexT/source/lib/velocity/velocity.ui.min.js","time":"2017-01-23T11:35:25.739Z","v":0}
{"name":"hexo","hostname":"Xiang-Ji","pid":35556,"level":20,"msg":"Unchanged: themes/NexT/source/lib/font-awesome/fonts/fontawesome-webfont.eot","time":"2017-01-23T11:35:25.744Z","v":0}
{"name":"hexo","hostname":"Xiang-Ji","pid":35556,"level":20,"msg":"Unchanged: themes/NexT/source/lib/font-awesome/fonts/fontawesome-webfont.woff","time":"2017-01-23T11:35:25.744Z","v":0}
{"name":"hexo","hostname":"Xiang-Ji","pid":35556,"level":20,"msg":"Unchanged: themes/NexT/source/lib/font-awesome/fonts/fontawesome-webfont.woff2","time":"2017-01-23T11:35:25.744Z","v":0}
{"name":"hexo","hostname":"Xiang-Ji","pid":35556,"level":20,"msg":"Unchanged: themes/NexT/source/lib/font-awesome/fonts/FontAwesome.otf","time":"2017-01-23T11:35:25.745Z","v":0}
{"name":"hexo","hostname":"Xiang-Ji","pid":35556,"level":20,"msg":"Unchanged: themes/NexT/source/lib/jquery/index.js","time":"2017-01-23T11:35:25.745Z","v":0}
{"name":"hexo","hostname":"Xiang-Ji","pid":35556,"level":20,"msg":"Unchanged: themes/NexT/source/lib/font-awesome/fonts/fontawesome-webfont.ttf","time":"2017-01-23T11:35:25.754Z","v":0}
{"name":"hexo","hostname":"Xiang-Ji","pid":35556,"level":20,"msg":"Unchanged: themes/NexT/source/lib/velocity/velocity.js","time":"2017-01-23T11:35:25.755Z","v":0}
{"name":"hexo","hostname":"Xiang-Ji","pid":35556,"level":20,"msg":"Unchanged: themes/NexT/source/lib/font-awesome/fonts/fontawesome-webfont.svg","time":"2017-01-23T11:35:25.761Z","v":0}
{"name":"hexo","hostname":"Xiang-Ji","pid":35556,"level":20,"msg":"Unchanged: themes/NexT/source/lib/algolia-instant-search/instantsearch.min.js","time":"2017-01-23T11:35:25.761Z","v":0}
{"name":"hexo","hostname":"Xiang-Ji","pid":35556,"level":20,"msg":"Processed: layout/_scripts/schemes/mist.swig","time":"2017-01-23T11:35:25.764Z","v":0}
{"name":"hexo","hostname":"Xiang-Ji","pid":35556,"level":20,"msg":"Processed: source/lib/algolia-instant-search/instantsearch.min.js","time":"2017-01-23T11:35:25.766Z","v":0}
{"name":"hexo","hostname":"Xiang-Ji","pid":35556,"level":20,"msg":"Processed: source/lib/font-awesome/fonts/fontawesome-webfont.svg","time":"2017-01-23T11:35:25.767Z","v":0}
{"name":"hexo","hostname":"Xiang-Ji","pid":35556,"level":20,"msg":"Processed: source/lib/velocity/velocity.js","time":"2017-01-23T11:35:25.767Z","v":0}
{"name":"hexo","hostname":"Xiang-Ji","pid":35556,"level":20,"msg":"Processed: source/lib/font-awesome/fonts/fontawesome-webfont.ttf","time":"2017-01-23T11:35:25.767Z","v":0}
{"name":"hexo","hostname":"Xiang-Ji","pid":35556,"level":20,"msg":"Processed: source/lib/velocity/velocity.ui.min.js","time":"2017-01-23T11:35:25.768Z","v":0}
{"name":"hexo","hostname":"Xiang-Ji","pid":35556,"level":20,"msg":"Processed: source/lib/jquery/index.js","time":"2017-01-23T11:35:25.768Z","v":0}
{"name":"hexo","hostname":"Xiang-Ji","pid":35556,"level":20,"msg":"Processed: source/lib/font-awesome/fonts/fontawesome-webfont.woff2","time":"2017-01-23T11:35:25.768Z","v":0}
{"name":"hexo","hostname":"Xiang-Ji","pid":35556,"level":20,"msg":"Processed: source/lib/font-awesome/fonts/FontAwesome.otf","time":"2017-01-23T11:35:25.769Z","v":0}
{"name":"hexo","hostname":"Xiang-Ji","pid":35556,"level":20,"msg":"Processed: source/lib/font-awesome/fonts/fontawesome-webfont.woff","time":"2017-01-23T11:35:25.769Z","v":0}
{"name":"hexo","hostname":"Xiang-Ji","pid":35556,"level":20,"msg":"Processed: source/lib/font-awesome/fonts/fontawesome-webfont.eot","time":"2017-01-23T11:35:25.770Z","v":0}
{"name":"hexo","hostname":"Xiang-Ji","pid":35556,"level":20,"msg":"Processed: source/lib/velocity/velocity.ui.js","time":"2017-01-23T11:35:25.771Z","v":0}
{"name":"hexo","hostname":"Xiang-Ji","pid":35556,"level":20,"msg":"Processed: source/lib/velocity/velocity.min.js","time":"2017-01-23T11:35:25.771Z","v":0}
{"name":"hexo","hostname":"Xiang-Ji","pid":35556,"level":20,"msg":"Processed: source/lib/ua-parser-js/dist/ua-parser.min.js","time":"2017-01-23T11:35:25.771Z","v":0}
{"name":"hexo","hostname":"Xiang-Ji","pid":35556,"level":20,"msg":"Processed: source/lib/velocity/bower.json","time":"2017-01-23T11:35:25.772Z","v":0}
{"name":"hexo","hostname":"Xiang-Ji","pid":35556,"level":20,"msg":"Processed: source/lib/jquery_lazyload/README.md","time":"2017-01-23T11:35:25.772Z","v":0}
{"name":"hexo","hostname":"Xiang-Ji","pid":35556,"level":20,"msg":"Processed: source/lib/jquery_lazyload/CONTRIBUTING.md","time":"2017-01-23T11:35:25.772Z","v":0}
{"name":"hexo","hostname":"Xiang-Ji","pid":35556,"level":20,"msg":"Processed: source/lib/jquery_lazyload/jquery.lazyload.js","time":"2017-01-23T11:35:25.773Z","v":0}
{"name":"hexo","hostname":"Xiang-Ji","pid":35556,"level":20,"msg":"Processed: source/lib/ua-parser-js/dist/ua-parser.pack.js","time":"2017-01-23T11:35:25.773Z","v":0}
{"name":"hexo","hostname":"Xiang-Ji","pid":35556,"level":20,"msg":"Processed: source/lib/jquery_lazyload/jquery.scrollstop.js","time":"2017-01-23T11:35:25.774Z","v":0}
{"name":"hexo","hostname":"Xiang-Ji","pid":35556,"level":20,"msg":"Processed: source/lib/jquery_lazyload/bower.json","time":"2017-01-23T11:35:25.774Z","v":0}
{"name":"hexo","hostname":"Xiang-Ji","pid":35556,"level":20,"msg":"Processed: source/lib/font-awesome/css/font-awesome.min.css","time":"2017-01-23T11:35:25.774Z","v":0}
{"name":"hexo","hostname":"Xiang-Ji","pid":35556,"level":20,"msg":"Processed: source/lib/font-awesome/css/font-awesome.css.map","time":"2017-01-23T11:35:25.778Z","v":0}
{"name":"hexo","hostname":"Xiang-Ji","pid":35556,"level":20,"msg":"Processed: source/lib/font-awesome/css/font-awesome.css","time":"2017-01-23T11:35:25.779Z","v":0}
{"name":"hexo","hostname":"Xiang-Ji","pid":35556,"level":20,"msg":"Processed: source/lib/fastclick/lib/fastclick.js","time":"2017-01-23T11:35:25.779Z","v":0}
{"name":"hexo","hostname":"Xiang-Ji","pid":35556,"level":20,"msg":"Processed: source/lib/fancybox/source/jquery.fancybox.css","time":"2017-01-23T11:35:25.780Z","v":0}
{"name":"hexo","hostname":"Xiang-Ji","pid":35556,"level":20,"msg":"Processed: source/lib/fastclick/README.md","time":"2017-01-23T11:35:25.780Z","v":0}
{"name":"hexo","hostname":"Xiang-Ji","pid":35556,"level":20,"msg":"Processed: source/lib/font-awesome/bower.json","time":"2017-01-23T11:35:25.781Z","v":0}
{"name":"hexo","hostname":"Xiang-Ji","pid":35556,"level":20,"msg":"Processed: source/lib/font-awesome/HELP-US-OUT.txt","time":"2017-01-23T11:35:25.782Z","v":0}
{"name":"hexo","hostname":"Xiang-Ji","pid":35556,"level":20,"msg":"Processed: source/lib/fastclick/lib/fastclick.min.js","time":"2017-01-23T11:35:25.782Z","v":0}
{"name":"hexo","hostname":"Xiang-Ji","pid":35556,"level":20,"msg":"Processed: source/lib/fastclick/LICENSE","time":"2017-01-23T11:35:25.783Z","v":0}
{"name":"hexo","hostname":"Xiang-Ji","pid":35556,"level":20,"msg":"Processed: source/lib/fastclick/bower.json","time":"2017-01-23T11:35:25.783Z","v":0}
{"name":"hexo","hostname":"Xiang-Ji","pid":35556,"level":20,"msg":"Processed: source/lib/fancybox/source/helpers/jquery.fancybox-thumbs.css","time":"2017-01-23T11:35:25.783Z","v":0}
{"name":"hexo","hostname":"Xiang-Ji","pid":35556,"level":20,"msg":"Processed: source/lib/fancybox/source/helpers/jquery.fancybox-buttons.css","time":"2017-01-23T11:35:25.784Z","v":0}
{"name":"hexo","hostname":"Xiang-Ji","pid":35556,"level":20,"msg":"Processed: source/lib/fancybox/source/jquery.fancybox.pack.js","time":"2017-01-23T11:35:25.785Z","v":0}
{"name":"hexo","hostname":"Xiang-Ji","pid":35556,"level":20,"msg":"Processed: source/lib/fancybox/source/jquery.fancybox.js","time":"2017-01-23T11:35:25.785Z","v":0}
{"name":"hexo","hostname":"Xiang-Ji","pid":35556,"level":20,"msg":"Processed: source/lib/fancybox/source/helpers/fancybox_buttons.png","time":"2017-01-23T11:35:25.787Z","v":0}
{"name":"hexo","hostname":"Xiang-Ji","pid":35556,"level":20,"msg":"Processed: source/lib/fancybox/source/helpers/jquery.fancybox-thumbs.js","time":"2017-01-23T11:35:25.787Z","v":0}
{"name":"hexo","hostname":"Xiang-Ji","pid":35556,"level":20,"msg":"Processed: source/lib/fancybox/source/fancybox_sprite@2x.png","time":"2017-01-23T11:35:25.788Z","v":0}
{"name":"hexo","hostname":"Xiang-Ji","pid":35556,"level":20,"msg":"Processed: source/lib/fancybox/source/helpers/jquery.fancybox-media.js","time":"2017-01-23T11:35:25.788Z","v":0}
{"name":"hexo","hostname":"Xiang-Ji","pid":35556,"level":20,"msg":"Processed: source/lib/fancybox/source/helpers/jquery.fancybox-buttons.js","time":"2017-01-23T11:35:25.789Z","v":0}
{"name":"hexo","hostname":"Xiang-Ji","pid":35556,"level":20,"msg":"Processed: source/lib/fancybox/source/fancybox_sprite.png","time":"2017-01-23T11:35:25.789Z","v":0}
{"name":"hexo","hostname":"Xiang-Ji","pid":35556,"level":20,"msg":"Processed: source/lib/fancybox/source/fancybox_overlay.png","time":"2017-01-23T11:35:25.790Z","v":0}
{"name":"hexo","hostname":"Xiang-Ji","pid":35556,"level":20,"msg":"Processed: source/lib/fancybox/source/fancybox_loading@2x.gif","time":"2017-01-23T11:35:25.790Z","v":0}
{"name":"hexo","hostname":"Xiang-Ji","pid":35556,"level":20,"msg":"Processed: source/lib/fancybox/source/fancybox_loading.gif","time":"2017-01-23T11:35:25.791Z","v":0}
{"name":"hexo","hostname":"Xiang-Ji","pid":35556,"level":20,"msg":"Processed: source/lib/fancybox/source/blank.gif","time":"2017-01-23T11:35:25.792Z","v":0}
{"name":"hexo","hostname":"Xiang-Ji","pid":35556,"level":20,"msg":"Processed: source/lib/algolia-instant-search/instantsearch.min.css","time":"2017-01-23T11:35:25.792Z","v":0}
{"name":"hexo","hostname":"Xiang-Ji","pid":35556,"level":20,"msg":"Processed: source/images/cc-zero.svg","time":"2017-01-23T11:35:25.792Z","v":0}
{"name":"hexo","hostname":"Xiang-Ji","pid":35556,"level":20,"msg":"Processed: source/lib/canvas-nest/canvas-nest.min.js","time":"2017-01-23T11:35:25.793Z","v":0}
{"name":"hexo","hostname":"Xiang-Ji","pid":35556,"level":20,"msg":"Processed: source/images/quote-r.svg","time":"2017-01-23T11:35:25.793Z","v":0}
{"name":"hexo","hostname":"Xiang-Ji","pid":35556,"level":20,"msg":"Processed: source/images/searchicon.png","time":"2017-01-23T11:35:25.794Z","v":0}
{"name":"hexo","hostname":"Xiang-Ji","pid":35556,"level":20,"msg":"Processed: source/js/src/utils.js","time":"2017-01-23T11:35:25.794Z","v":0}
{"name":"hexo","hostname":"Xiang-Ji","pid":35556,"level":20,"msg":"Processed: source/js/src/schemes/pisces.js","time":"2017-01-23T11:35:25.795Z","v":0}
{"name":"hexo","hostname":"Xiang-Ji","pid":35556,"level":20,"msg":"Processed: source/js/src/scrollspy.js","time":"2017-01-23T11:35:25.795Z","v":0}
{"name":"hexo","hostname":"Xiang-Ji","pid":35556,"level":20,"msg":"Processed: source/js/src/post-details.js","time":"2017-01-23T11:35:25.795Z","v":0}
{"name":"hexo","hostname":"Xiang-Ji","pid":35556,"level":20,"msg":"Processed: source/js/src/hook-duoshuo.js","time":"2017-01-23T11:35:25.796Z","v":0}
{"name":"hexo","hostname":"Xiang-Ji","pid":35556,"level":20,"msg":"Processed: source/js/src/motion.js","time":"2017-01-23T11:35:25.796Z","v":0}
{"name":"hexo","hostname":"Xiang-Ji","pid":35556,"level":20,"msg":"Processed: source/js/src/bootstrap.js","time":"2017-01-23T11:35:25.797Z","v":0}
{"name":"hexo","hostname":"Xiang-Ji","pid":35556,"level":20,"msg":"Processed: source/images/quote-l.svg","time":"2017-01-23T11:35:25.803Z","v":0}
{"name":"hexo","hostname":"Xiang-Ji","pid":35556,"level":20,"msg":"Processed: source/js/src/algolia-search.js","time":"2017-01-23T11:35:25.805Z","v":0}
{"name":"hexo","hostname":"Xiang-Ji","pid":35556,"level":20,"msg":"Processed: source/js/src/affix.js","time":"2017-01-23T11:35:25.806Z","v":0}
{"name":"hexo","hostname":"Xiang-Ji","pid":35556,"level":20,"msg":"Processed: source/images/cc-by.svg","time":"2017-01-23T11:35:25.808Z","v":0}
{"name":"hexo","hostname":"Xiang-Ji","pid":35556,"level":20,"msg":"Processed: source/images/avatar.gif","time":"2017-01-23T11:35:25.808Z","v":0}
{"name":"hexo","hostname":"Xiang-Ji","pid":35556,"level":20,"msg":"Processed: source/images/cc-by-sa.svg","time":"2017-01-23T11:35:25.809Z","v":0}
{"name":"hexo","hostname":"Xiang-Ji","pid":35556,"level":20,"msg":"Processed: source/images/placeholder.gif","time":"2017-01-23T11:35:25.809Z","v":0}
{"name":"hexo","hostname":"Xiang-Ji","pid":35556,"level":20,"msg":"Processed: source/images/cc-by-nd.svg","time":"2017-01-23T11:35:25.814Z","v":0}
{"name":"hexo","hostname":"Xiang-Ji","pid":35556,"level":20,"msg":"Processed: source/images/loading.gif","time":"2017-01-23T11:35:25.815Z","v":0}
{"name":"hexo","hostname":"Xiang-Ji","pid":35556,"level":20,"msg":"Processed: source/images/cc-by-nc.svg","time":"2017-01-23T11:35:25.816Z","v":0}
{"name":"hexo","hostname":"Xiang-Ji","pid":35556,"level":20,"msg":"Processed: source/images/cc-by-nc-sa.svg","time":"2017-01-23T11:35:25.817Z","v":0}
{"name":"hexo","hostname":"Xiang-Ji","pid":35556,"level":20,"msg":"Processed: source/images/cc-by-nc-nd.svg","time":"2017-01-23T11:35:25.817Z","v":0}
{"name":"hexo","hostname":"Xiang-Ji","pid":35556,"level":20,"msg":"Processed: source/css/main.styl","time":"2017-01-23T11:35:25.818Z","v":0}
{"name":"hexo","hostname":"Xiang-Ji","pid":35556,"level":20,"msg":"Processed: source/images/algolia_logo.svg","time":"2017-01-23T11:35:25.818Z","v":0}
{"name":"hexo","hostname":"Xiang-Ji","pid":35556,"level":20,"msg":"Processed: layout/tag.swig","time":"2017-01-23T11:35:25.822Z","v":0}
{"name":"hexo","hostname":"Xiang-Ji","pid":35556,"level":20,"msg":"Processed: layout/post.swig","time":"2017-01-23T11:35:25.822Z","v":0}
{"name":"hexo","hostname":"Xiang-Ji","pid":35556,"level":20,"msg":"Processed: layout/page.swig","time":"2017-01-23T11:35:25.823Z","v":0}
{"name":"hexo","hostname":"Xiang-Ji","pid":35556,"level":20,"msg":"Processed: layout/schedule.swig","time":"2017-01-23T11:35:25.823Z","v":0}
{"name":"hexo","hostname":"Xiang-Ji","pid":35556,"level":20,"msg":"Processed: layout/category.swig","time":"2017-01-23T11:35:25.824Z","v":0}
{"name":"hexo","hostname":"Xiang-Ji","pid":35556,"level":20,"msg":"Processed: layout/archive.swig","time":"2017-01-23T11:35:25.824Z","v":0}
{"name":"hexo","hostname":"Xiang-Ji","pid":35556,"level":20,"msg":"Processed: layout/_scripts/vendors.swig","time":"2017-01-23T11:35:25.825Z","v":0}
{"name":"hexo","hostname":"Xiang-Ji","pid":35556,"level":20,"msg":"Processed: layout/index.swig","time":"2017-01-23T11:35:25.825Z","v":0}
{"name":"hexo","hostname":"Xiang-Ji","pid":35556,"level":20,"msg":"Processed: layout/_scripts/third-party/tinysou.swig","time":"2017-01-23T11:35:25.826Z","v":0}
{"name":"hexo","hostname":"Xiang-Ji","pid":35556,"level":20,"msg":"Processed: layout/_scripts/third-party/schedule.swig","time":"2017-01-23T11:35:25.827Z","v":0}
{"name":"hexo","hostname":"Xiang-Ji","pid":35556,"level":20,"msg":"Processed: layout/_scripts/third-party/comments/hypercomments.swig","time":"2017-01-23T11:35:25.827Z","v":0}
{"name":"hexo","hostname":"Xiang-Ji","pid":35556,"level":20,"msg":"Processed: layout/_scripts/third-party/mathjax.swig","time":"2017-01-23T11:35:25.828Z","v":0}
{"name":"hexo","hostname":"Xiang-Ji","pid":35556,"level":20,"msg":"Processed: layout/_scripts/third-party/localsearch.swig","time":"2017-01-23T11:35:25.829Z","v":0}
{"name":"hexo","hostname":"Xiang-Ji","pid":35556,"level":20,"msg":"Processed: layout/_scripts/third-party/lean-analytics.swig","time":"2017-01-23T11:35:25.830Z","v":0}
{"name":"hexo","hostname":"Xiang-Ji","pid":35556,"level":20,"msg":"Processed: layout/_scripts/third-party/comments/duoshuo.swig","time":"2017-01-23T11:35:25.830Z","v":0}
{"name":"hexo","hostname":"Xiang-Ji","pid":35556,"level":20,"msg":"Processed: layout/_scripts/third-party/comments.swig","time":"2017-01-23T11:35:25.832Z","v":0}
{"name":"hexo","hostname":"Xiang-Ji","pid":35556,"level":20,"msg":"Processed: layout/_scripts/third-party/comments/youyan.swig","time":"2017-01-23T11:35:25.833Z","v":0}
{"name":"hexo","hostname":"Xiang-Ji","pid":35556,"level":20,"msg":"Processed: layout/_scripts/third-party/comments/disqus.swig","time":"2017-01-23T11:35:25.834Z","v":0}
{"name":"hexo","hostname":"Xiang-Ji","pid":35556,"level":20,"msg":"Processed: layout/_scripts/third-party/analytics/busuanzi-counter.swig","time":"2017-01-23T11:35:25.834Z","v":0}
{"name":"hexo","hostname":"Xiang-Ji","pid":35556,"level":20,"msg":"Processed: layout/_scripts/third-party/comments/gentie.swig","time":"2017-01-23T11:35:25.835Z","v":0}
{"name":"hexo","hostname":"Xiang-Ji","pid":35556,"level":20,"msg":"Processed: layout/_scripts/third-party/analytics/application-insights.swig","time":"2017-01-23T11:35:25.836Z","v":0}
{"name":"hexo","hostname":"Xiang-Ji","pid":35556,"level":20,"msg":"Processed: layout/_scripts/third-party/analytics.swig","time":"2017-01-23T11:35:25.837Z","v":0}
{"name":"hexo","hostname":"Xiang-Ji","pid":35556,"level":20,"msg":"Processed: layout/_scripts/third-party/analytics/tencent-analytics.swig","time":"2017-01-23T11:35:25.837Z","v":0}
{"name":"hexo","hostname":"Xiang-Ji","pid":35556,"level":20,"msg":"Processed: layout/_scripts/third-party/analytics/google-analytics.swig","time":"2017-01-23T11:35:25.838Z","v":0}
{"name":"hexo","hostname":"Xiang-Ji","pid":35556,"level":20,"msg":"Processed: layout/_scripts/third-party/analytics/facebook-sdk.swig","time":"2017-01-23T11:35:25.839Z","v":0}
{"name":"hexo","hostname":"Xiang-Ji","pid":35556,"level":20,"msg":"Processed: layout/_partials/share/jiathis.swig","time":"2017-01-23T11:35:25.839Z","v":0}
{"name":"hexo","hostname":"Xiang-Ji","pid":35556,"level":20,"msg":"Processed: layout/_scripts/third-party/analytics/cnzz-analytics.swig","time":"2017-01-23T11:35:25.841Z","v":0}
{"name":"hexo","hostname":"Xiang-Ji","pid":35556,"level":20,"msg":"Processed: layout/_scripts/third-party/analytics/baidu-analytics.swig","time":"2017-01-23T11:35:25.842Z","v":0}
{"name":"hexo","hostname":"Xiang-Ji","pid":35556,"level":20,"msg":"Processed: layout/_scripts/schemes/pisces.swig","time":"2017-01-23T11:35:25.843Z","v":0}
{"name":"hexo","hostname":"Xiang-Ji","pid":35556,"level":20,"msg":"Processed: layout/_partials/share/duoshuo_share.swig","time":"2017-01-23T11:35:25.847Z","v":0}
{"name":"hexo","hostname":"Xiang-Ji","pid":35556,"level":20,"msg":"Processed: layout/_scripts/pages/post-details.swig","time":"2017-01-23T11:35:25.855Z","v":0}
{"name":"hexo","hostname":"Xiang-Ji","pid":35556,"level":20,"msg":"Processed: layout/_scripts/commons.swig","time":"2017-01-23T11:35:25.856Z","v":0}
{"name":"hexo","hostname":"Xiang-Ji","pid":35556,"level":20,"msg":"Processed: layout/_scripts/boostrap.swig","time":"2017-01-23T11:35:25.856Z","v":0}
{"name":"hexo","hostname":"Xiang-Ji","pid":35556,"level":20,"msg":"Processed: layout/_scripts/baidu-push.swig","time":"2017-01-23T11:35:25.857Z","v":0}
{"name":"hexo","hostname":"Xiang-Ji","pid":35556,"level":20,"msg":"Processed: layout/_partials/share/baidushare.swig","time":"2017-01-23T11:35:25.858Z","v":0}
{"name":"hexo","hostname":"Xiang-Ji","pid":35556,"level":20,"msg":"Processed: layout/_partials/head/external-fonts.swig","time":"2017-01-23T11:35:25.859Z","v":0}
{"name":"hexo","hostname":"Xiang-Ji","pid":35556,"level":20,"msg":"Processed: layout/_partials/header.swig","time":"2017-01-23T11:35:25.859Z","v":0}
{"name":"hexo","hostname":"Xiang-Ji","pid":35556,"level":20,"msg":"Processed: layout/_partials/head.swig","time":"2017-01-23T11:35:25.860Z","v":0}
{"name":"hexo","hostname":"Xiang-Ji","pid":35556,"level":20,"msg":"Processed: layout/_partials/share/add-this.swig","time":"2017-01-23T11:35:25.861Z","v":0}
{"name":"hexo","hostname":"Xiang-Ji","pid":35556,"level":20,"msg":"Processed: layout/_partials/search.swig","time":"2017-01-23T11:35:25.861Z","v":0}
{"name":"hexo","hostname":"Xiang-Ji","pid":35556,"level":20,"msg":"Processed: layout/_partials/search/tinysou.swig","time":"2017-01-23T11:35:25.862Z","v":0}
{"name":"hexo","hostname":"Xiang-Ji","pid":35556,"level":20,"msg":"Processed: layout/_partials/search/swiftype.swig","time":"2017-01-23T11:35:25.863Z","v":0}
{"name":"hexo","hostname":"Xiang-Ji","pid":35556,"level":20,"msg":"Processed: layout/_partials/search/localsearch.swig","time":"2017-01-23T11:35:25.863Z","v":0}
{"name":"hexo","hostname":"Xiang-Ji","pid":35556,"level":20,"msg":"Processed: layout/_partials/pagination.swig","time":"2017-01-23T11:35:25.866Z","v":0}
{"name":"hexo","hostname":"Xiang-Ji","pid":35556,"level":20,"msg":"Processed: layout/_partials/page-header.swig","time":"2017-01-23T11:35:25.867Z","v":0}
{"name":"hexo","hostname":"Xiang-Ji","pid":35556,"level":20,"msg":"Processed: layout/_partials/footer.swig","time":"2017-01-23T11:35:25.868Z","v":0}
{"name":"hexo","hostname":"Xiang-Ji","pid":35556,"level":20,"msg":"Processed: layout/_partials/comments.swig","time":"2017-01-23T11:35:25.869Z","v":0}
{"name":"hexo","hostname":"Xiang-Ji","pid":35556,"level":20,"msg":"Processed: layout/_macro/sidebar.swig","time":"2017-01-23T11:35:25.869Z","v":0}
{"name":"hexo","hostname":"Xiang-Ji","pid":35556,"level":20,"msg":"Processed: layout/_partials/head/custom-head.swig","time":"2017-01-23T11:35:25.872Z","v":0}
{"name":"hexo","hostname":"Xiang-Ji","pid":35556,"level":20,"msg":"Processed: layout/_macro/reward.swig","time":"2017-01-23T11:35:25.872Z","v":0}
{"name":"hexo","hostname":"Xiang-Ji","pid":35556,"level":20,"msg":"Processed: layout/_partials/duoshuo-hot-articles.swig","time":"2017-01-23T11:35:25.874Z","v":0}
{"name":"hexo","hostname":"Xiang-Ji","pid":35556,"level":20,"msg":"Processed: layout/_macro/post.swig","time":"2017-01-23T11:35:25.874Z","v":0}
{"name":"hexo","hostname":"Xiang-Ji","pid":35556,"level":20,"msg":"Processed: layout/_macro/wechat-subscriber.swig","time":"2017-01-23T11:35:25.875Z","v":0}
{"name":"hexo","hostname":"Xiang-Ji","pid":35556,"level":20,"msg":"Processed: layout/_macro/post-collapse.swig","time":"2017-01-23T11:35:25.875Z","v":0}
{"name":"hexo","hostname":"Xiang-Ji","pid":35556,"level":20,"msg":"Processed: layout/_components/algolia-search/assets.swig","time":"2017-01-23T11:35:25.876Z","v":0}
{"name":"hexo","hostname":"Xiang-Ji","pid":35556,"level":20,"msg":"Processed: layout/_layout.swig","time":"2017-01-23T11:35:25.877Z","v":0}
{"name":"hexo","hostname":"Xiang-Ji","pid":35556,"level":20,"msg":"Processed: languages/zh-tw.yml","time":"2017-01-23T11:35:25.950Z","v":0}
{"name":"hexo","hostname":"Xiang-Ji","pid":35556,"level":20,"msg":"Processed: languages/zh-hk.yml","time":"2017-01-23T11:35:25.953Z","v":0}
{"name":"hexo","hostname":"Xiang-Ji","pid":35556,"level":20,"msg":"Processed: layout/_custom/sidebar.swig","time":"2017-01-23T11:35:25.954Z","v":0}
{"name":"hexo","hostname":"Xiang-Ji","pid":35556,"level":20,"msg":"Processed: layout/_custom/header.swig","time":"2017-01-23T11:35:25.955Z","v":0}
{"name":"hexo","hostname":"Xiang-Ji","pid":35556,"level":20,"msg":"Processed: layout/_components/algolia-search/dom.swig","time":"2017-01-23T11:35:25.956Z","v":0}
{"name":"hexo","hostname":"Xiang-Ji","pid":35556,"level":20,"msg":"Processed: languages/zh-Hans.yml","time":"2017-01-23T11:35:25.961Z","v":0}
{"name":"hexo","hostname":"Xiang-Ji","pid":35556,"level":20,"msg":"Processed: languages/ru.yml","time":"2017-01-23T11:35:25.964Z","v":0}
{"name":"hexo","hostname":"Xiang-Ji","pid":35556,"level":20,"msg":"Processed: languages/pt.yml","time":"2017-01-23T11:35:25.967Z","v":0}
{"name":"hexo","hostname":"Xiang-Ji","pid":35556,"level":20,"msg":"Processed: languages/pt-BR.yml","time":"2017-01-23T11:35:25.968Z","v":0}
{"name":"hexo","hostname":"Xiang-Ji","pid":35556,"level":20,"msg":"Processed: languages/ko.yml","time":"2017-01-23T11:35:25.969Z","v":0}
{"name":"hexo","hostname":"Xiang-Ji","pid":35556,"level":20,"msg":"Processed: languages/ja.yml","time":"2017-01-23T11:35:25.970Z","v":0}
{"name":"hexo","hostname":"Xiang-Ji","pid":35556,"level":20,"msg":"Processed: languages/id.yml","time":"2017-01-23T11:35:25.971Z","v":0}
{"name":"hexo","hostname":"Xiang-Ji","pid":35556,"level":20,"msg":"Processed: languages/fr-FR.yml","time":"2017-01-23T11:35:25.972Z","v":0}
{"name":"hexo","hostname":"Xiang-Ji","pid":35556,"level":20,"msg":"Processed: languages/en.yml","time":"2017-01-23T11:35:25.973Z","v":0}
{"name":"hexo","hostname":"Xiang-Ji","pid":35556,"level":20,"msg":"Processed: languages/default.yml","time":"2017-01-23T11:35:25.975Z","v":0}
{"name":"hexo","hostname":"Xiang-Ji","pid":35556,"level":20,"msg":"Processed: languages/de.yml","time":"2017-01-23T11:35:25.978Z","v":0}
{"name":"hexo","hostname":"Xiang-Ji","pid":35556,"level":20,"msg":"Theme config loaded.","time":"2017-01-23T11:35:25.985Z","v":0}
{"name":"hexo","hostname":"Xiang-Ji","pid":35556,"level":20,"msg":"Processed: _config.yml","time":"2017-01-23T11:35:25.986Z","v":0}
{"name":"hexo","hostname":"Xiang-Ji","pid":35556,"level":20,"msg":"Processed: layout/_scripts/schemes/muse.swig","time":"2017-01-23T11:35:25.987Z","v":0}
{"name":"hexo","hostname":"Xiang-Ji","pid":35556,"level":20,"msg":"Generator: page","time":"2017-01-23T11:35:27.926Z","v":0}
{"name":"hexo","hostname":"Xiang-Ji","pid":35556,"level":20,"msg":"Generator: post","time":"2017-01-23T11:35:27.926Z","v":0}
{"name":"hexo","hostname":"Xiang-Ji","pid":35556,"level":20,"msg":"Generator: archive","time":"2017-01-23T11:35:27.926Z","v":0}
{"name":"hexo","hostname":"Xiang-Ji","pid":35556,"level":20,"msg":"Generator: category","time":"2017-01-23T11:35:27.926Z","v":0}
{"name":"hexo","hostname":"Xiang-Ji","pid":35556,"level":20,"msg":"Generator: index","time":"2017-01-23T11:35:27.926Z","v":0}
{"name":"hexo","hostname":"Xiang-Ji","pid":35556,"level":20,"msg":"Generator: tag","time":"2017-01-23T11:35:27.926Z","v":0}
{"name":"hexo","hostname":"Xiang-Ji","pid":35556,"level":20,"msg":"Generator: asset","time":"2017-01-23T11:35:27.928Z","v":0}
{"name":"hexo","hostname":"Xiang-Ji","pid":35556,"level":30,"msg":"Hexo is running at http://0.0.0.0:4000/. Press Ctrl+C to stop.","time":"2017-01-23T11:35:27.961Z","v":0}
{"name":"hexo","hostname":"Xiang-Ji","pid":35556,"level":20,"msg":"Database saved","time":"2017-01-23T11:35:28.015Z","v":0}
