{"name":"hexo","hostname":"Xiang-Ji","pid":19256,"level":20,"msg":"Hexo version: 3.1.1","time":"2017-01-23T11:29:47.139Z","v":0}
{"name":"hexo","hostname":"Xiang-Ji","pid":19256,"level":20,"msg":"Working directory: E:\\Hexo\\","time":"2017-01-23T11:29:47.146Z","v":0}
{"name":"hexo","hostname":"Xiang-Ji","pid":19256,"level":20,"msg":"Config loaded: E:\\Hexo\\_config.yml","time":"2017-01-23T11:29:47.624Z","v":0}
{"name":"hexo","hostname":"Xiang-Ji","pid":19256,"level":20,"msg":"Plugin loaded: hexo-generator-archive","time":"2017-01-23T11:29:48.326Z","v":0}
{"name":"hexo","hostname":"Xiang-Ji","pid":19256,"level":20,"msg":"Plugin loaded: hexo-deployer-git","time":"2017-01-23T11:29:48.326Z","v":0}
{"name":"hexo","hostname":"Xiang-Ji","pid":19256,"level":20,"msg":"Plugin loaded: hexo-generator-category","time":"2017-01-23T11:29:49.239Z","v":0}
{"name":"hexo","hostname":"Xiang-Ji","pid":19256,"level":20,"msg":"Plugin loaded: hexo-generator-index","time":"2017-01-23T11:29:49.239Z","v":0}
{"name":"hexo","hostname":"Xiang-Ji","pid":19256,"level":20,"msg":"Plugin loaded: hexo-generator-tag","time":"2017-01-23T11:29:49.239Z","v":0}
{"name":"hexo","hostname":"Xiang-Ji","pid":19256,"level":20,"msg":"Plugin loaded: hexo-renderer-ejs","time":"2017-01-23T11:29:49.239Z","v":0}
{"name":"hexo","hostname":"Xiang-Ji","pid":19256,"level":20,"msg":"Plugin loaded: hexo-renderer-marked","time":"2017-01-23T11:29:49.240Z","v":0}
{"name":"hexo","hostname":"Xiang-Ji","pid":19256,"level":20,"msg":"Plugin loaded: hexo-renderer-stylus","time":"2017-01-23T11:29:49.240Z","v":0}
{"name":"hexo","hostname":"Xiang-Ji","pid":19256,"level":20,"msg":"Plugin loaded: hexo-server","time":"2017-01-23T11:29:49.753Z","v":0}
{"name":"hexo","hostname":"Xiang-Ji","pid":19256,"level":20,"msg":"Script loaded: themes\\NexT\\scripts\\merge-configs.js","time":"2017-01-23T11:29:49.762Z","v":0}
{"name":"hexo","hostname":"Xiang-Ji","pid":19256,"level":20,"msg":"Script loaded: themes\\NexT\\scripts\\tags\\button.js","time":"2017-01-23T11:29:49.762Z","v":0}
{"name":"hexo","hostname":"Xiang-Ji","pid":19256,"level":20,"msg":"Script loaded: themes\\NexT\\scripts\\tags\\center-quote.js","time":"2017-01-23T11:29:49.762Z","v":0}
{"name":"hexo","hostname":"Xiang-Ji","pid":19256,"level":20,"msg":"Script loaded: themes\\NexT\\scripts\\tags\\full-image.js","time":"2017-01-23T11:29:49.763Z","v":0}
{"name":"hexo","hostname":"Xiang-Ji","pid":19256,"level":20,"msg":"Script loaded: themes\\NexT\\scripts\\tags\\note.js","time":"2017-01-23T11:29:49.763Z","v":0}
{"name":"hexo","hostname":"Xiang-Ji","pid":19256,"level":20,"msg":"Script loaded: themes\\NexT\\scripts\\tags\\group-pictures.js","time":"2017-01-23T11:29:49.784Z","v":0}
{"name":"hexo","hostname":"Xiang-Ji","pid":19256,"level":20,"msg":"Loading database.","time":"2017-01-23T11:29:49.816Z","v":0}
{"name":"hexo","hostname":"Xiang-Ji","pid":19256,"level":20,"msg":"Added: source/_posts/Design-Patterns.md","time":"2017-01-23T11:29:49.956Z","v":0}
{"name":"hexo","hostname":"Xiang-Ji","pid":19256,"level":20,"msg":"Added: source/_posts/JavaScript学习笔记-1.md","time":"2017-01-23T11:29:49.961Z","v":0}
{"name":"hexo","hostname":"Xiang-Ji","pid":19256,"level":20,"msg":"Added: source/_posts/How-to-build-your-owner-blog-with-HEXO.md","time":"2017-01-23T11:29:49.962Z","v":0}
{"name":"hexo","hostname":"Xiang-Ji","pid":19256,"level":20,"msg":"Added: source/_posts/JavaScript学习笔记-2.md","time":"2017-01-23T11:29:49.963Z","v":0}
{"name":"hexo","hostname":"Xiang-Ji","pid":19256,"level":20,"msg":"Added: source/_posts/Quick-Start.md","time":"2017-01-23T11:29:49.963Z","v":0}
{"name":"hexo","hostname":"Xiang-Ji","pid":19256,"level":20,"msg":"Added: source/_posts/JavaScript学习笔记-3.md","time":"2017-01-23T11:29:49.963Z","v":0}
{"name":"hexo","hostname":"Xiang-Ji","pid":19256,"level":20,"msg":"Added: source/_posts/course-note-2.md","time":"2017-01-23T11:29:49.963Z","v":0}
{"name":"hexo","hostname":"Xiang-Ji","pid":19256,"level":20,"msg":"Added: source/_posts/course-note-1.md","time":"2017-01-23T11:29:49.965Z","v":0}
{"name":"hexo","hostname":"Xiang-Ji","pid":19256,"level":20,"msg":"Added: source/_posts/course-note-3.md","time":"2017-01-23T11:29:49.965Z","v":0}
{"name":"hexo","hostname":"Xiang-Ji","pid":19256,"level":20,"msg":"Added: source/_posts/数字证书基础知识.md","time":"2017-01-23T11:29:49.966Z","v":0}
{"name":"hexo","hostname":"Xiang-Ji","pid":19256,"level":20,"msg":"Added: source/_posts/团队中的git实践.md","time":"2017-01-23T11:29:49.969Z","v":0}
{"name":"hexo","hostname":"Xiang-Ji","pid":19256,"level":20,"msg":"Processed: _posts/Design-Patterns.md","time":"2017-01-23T11:29:50.223Z","v":0}
{"name":"hexo","hostname":"Xiang-Ji","pid":19256,"level":20,"msg":"Processed: _posts/数字证书基础知识.md","time":"2017-01-23T11:29:50.375Z","v":0}
{"name":"hexo","hostname":"Xiang-Ji","pid":19256,"level":20,"msg":"Added: themes/NexT/layout/_scripts/schemes/mist.swig","time":"2017-01-23T11:29:50.628Z","v":0}
{"name":"hexo","hostname":"Xiang-Ji","pid":19256,"level":20,"msg":"Added: themes/NexT/layout/_scripts/schemes/muse.swig","time":"2017-01-23T11:29:50.632Z","v":0}
{"name":"hexo","hostname":"Xiang-Ji","pid":19256,"level":20,"msg":"Added: themes/NexT/source/css/_mixins/Mist.styl","time":"2017-01-23T11:29:51.143Z","v":0}
{"name":"hexo","hostname":"Xiang-Ji","pid":19256,"level":20,"msg":"Added: themes/NexT/source/css/_mixins/Muse.styl","time":"2017-01-23T11:29:51.144Z","v":0}
{"name":"hexo","hostname":"Xiang-Ji","pid":19256,"level":20,"msg":"Added: themes/NexT/source/css/_mixins/custom.styl","time":"2017-01-23T11:29:51.146Z","v":0}
{"name":"hexo","hostname":"Xiang-Ji","pid":19256,"level":20,"msg":"Added: themes/NexT/source/css/_variables/Muse.styl","time":"2017-01-23T11:29:51.146Z","v":0}
{"name":"hexo","hostname":"Xiang-Ji","pid":19256,"level":20,"msg":"Added: themes/NexT/source/css/_variables/custom.styl","time":"2017-01-23T11:29:51.147Z","v":0}
{"name":"hexo","hostname":"Xiang-Ji","pid":19256,"level":20,"msg":"Added: themes/NexT/README.en.md","time":"2017-01-23T11:29:51.169Z","v":0}
{"name":"hexo","hostname":"Xiang-Ji","pid":19256,"level":20,"msg":"Added: themes/NexT/bower.json","time":"2017-01-23T11:29:51.169Z","v":0}
{"name":"hexo","hostname":"Xiang-Ji","pid":19256,"level":20,"msg":"Added: themes/NexT/gulpfile.coffee","time":"2017-01-23T11:29:51.169Z","v":0}
{"name":"hexo","hostname":"Xiang-Ji","pid":19256,"level":20,"msg":"Added: themes/NexT/README.md","time":"2017-01-23T11:29:51.169Z","v":0}
{"name":"hexo","hostname":"Xiang-Ji","pid":19256,"level":20,"msg":"Added: themes/NexT/_config.yml","time":"2017-01-23T11:29:51.170Z","v":0}
{"name":"hexo","hostname":"Xiang-Ji","pid":19256,"level":20,"msg":"Added: themes/NexT/languages/de.yml","time":"2017-01-23T11:29:51.170Z","v":0}
{"name":"hexo","hostname":"Xiang-Ji","pid":19256,"level":20,"msg":"Added: themes/NexT/languages/default.yml","time":"2017-01-23T11:29:51.170Z","v":0}
{"name":"hexo","hostname":"Xiang-Ji","pid":19256,"level":20,"msg":"Added: themes/NexT/languages/en.yml","time":"2017-01-23T11:29:51.171Z","v":0}
{"name":"hexo","hostname":"Xiang-Ji","pid":19256,"level":20,"msg":"Added: themes/NexT/languages/fr-FR.yml","time":"2017-01-23T11:29:51.171Z","v":0}
{"name":"hexo","hostname":"Xiang-Ji","pid":19256,"level":20,"msg":"Added: themes/NexT/languages/id.yml","time":"2017-01-23T11:29:51.171Z","v":0}
{"name":"hexo","hostname":"Xiang-Ji","pid":19256,"level":20,"msg":"Added: themes/NexT/languages/ja.yml","time":"2017-01-23T11:29:51.171Z","v":0}
{"name":"hexo","hostname":"Xiang-Ji","pid":19256,"level":20,"msg":"Added: themes/NexT/languages/ko.yml","time":"2017-01-23T11:29:51.171Z","v":0}
{"name":"hexo","hostname":"Xiang-Ji","pid":19256,"level":20,"msg":"Added: themes/NexT/languages/pt-BR.yml","time":"2017-01-23T11:29:51.171Z","v":0}
{"name":"hexo","hostname":"Xiang-Ji","pid":19256,"level":20,"msg":"Added: themes/NexT/languages/pt.yml","time":"2017-01-23T11:29:51.172Z","v":0}
{"name":"hexo","hostname":"Xiang-Ji","pid":19256,"level":20,"msg":"Added: themes/NexT/languages/ru.yml","time":"2017-01-23T11:29:51.173Z","v":0}
{"name":"hexo","hostname":"Xiang-Ji","pid":19256,"level":20,"msg":"Added: themes/NexT/languages/zh-Hans.yml","time":"2017-01-23T11:29:51.173Z","v":0}
{"name":"hexo","hostname":"Xiang-Ji","pid":19256,"level":20,"msg":"Added: themes/NexT/layout/_components/algolia-search/dom.swig","time":"2017-01-23T11:29:51.173Z","v":0}
{"name":"hexo","hostname":"Xiang-Ji","pid":19256,"level":20,"msg":"Added: themes/NexT/layout/_custom/header.swig","time":"2017-01-23T11:29:51.173Z","v":0}
{"name":"hexo","hostname":"Xiang-Ji","pid":19256,"level":20,"msg":"Added: themes/NexT/layout/_custom/sidebar.swig","time":"2017-01-23T11:29:51.173Z","v":0}
{"name":"hexo","hostname":"Xiang-Ji","pid":19256,"level":20,"msg":"Added: themes/NexT/languages/zh-hk.yml","time":"2017-01-23T11:29:51.174Z","v":0}
{"name":"hexo","hostname":"Xiang-Ji","pid":19256,"level":20,"msg":"Added: themes/NexT/languages/zh-tw.yml","time":"2017-01-23T11:29:51.174Z","v":0}
{"name":"hexo","hostname":"Xiang-Ji","pid":19256,"level":20,"msg":"Added: themes/NexT/layout/_layout.swig","time":"2017-01-23T11:29:51.174Z","v":0}
{"name":"hexo","hostname":"Xiang-Ji","pid":19256,"level":20,"msg":"Added: themes/NexT/layout/_components/algolia-search/assets.swig","time":"2017-01-23T11:29:51.174Z","v":0}
{"name":"hexo","hostname":"Xiang-Ji","pid":19256,"level":20,"msg":"Added: themes/NexT/layout/_macro/post-collapse.swig","time":"2017-01-23T11:29:51.174Z","v":0}
{"name":"hexo","hostname":"Xiang-Ji","pid":19256,"level":20,"msg":"Added: themes/NexT/layout/_macro/wechat-subscriber.swig","time":"2017-01-23T11:29:51.174Z","v":0}
{"name":"hexo","hostname":"Xiang-Ji","pid":19256,"level":20,"msg":"Added: themes/NexT/layout/_macro/post.swig","time":"2017-01-23T11:29:51.174Z","v":0}
{"name":"hexo","hostname":"Xiang-Ji","pid":19256,"level":20,"msg":"Added: themes/NexT/layout/_partials/duoshuo-hot-articles.swig","time":"2017-01-23T11:29:51.175Z","v":0}
{"name":"hexo","hostname":"Xiang-Ji","pid":19256,"level":20,"msg":"Added: themes/NexT/layout/_macro/reward.swig","time":"2017-01-23T11:29:51.176Z","v":0}
{"name":"hexo","hostname":"Xiang-Ji","pid":19256,"level":20,"msg":"Added: themes/NexT/layout/_partials/head/custom-head.swig","time":"2017-01-23T11:29:51.176Z","v":0}
{"name":"hexo","hostname":"Xiang-Ji","pid":19256,"level":20,"msg":"Added: themes/NexT/layout/_macro/sidebar.swig","time":"2017-01-23T11:29:51.177Z","v":0}
{"name":"hexo","hostname":"Xiang-Ji","pid":19256,"level":20,"msg":"Added: themes/NexT/layout/_partials/comments.swig","time":"2017-01-23T11:29:51.177Z","v":0}
{"name":"hexo","hostname":"Xiang-Ji","pid":19256,"level":20,"msg":"Added: themes/NexT/layout/_partials/footer.swig","time":"2017-01-23T11:29:51.177Z","v":0}
{"name":"hexo","hostname":"Xiang-Ji","pid":19256,"level":20,"msg":"Added: themes/NexT/layout/_partials/page-header.swig","time":"2017-01-23T11:29:51.177Z","v":0}
{"name":"hexo","hostname":"Xiang-Ji","pid":19256,"level":20,"msg":"Added: themes/NexT/layout/_partials/pagination.swig","time":"2017-01-23T11:29:51.178Z","v":0}
{"name":"hexo","hostname":"Xiang-Ji","pid":19256,"level":20,"msg":"Added: themes/NexT/layout/_partials/search/localsearch.swig","time":"2017-01-23T11:29:51.178Z","v":0}
{"name":"hexo","hostname":"Xiang-Ji","pid":19256,"level":20,"msg":"Added: themes/NexT/layout/_partials/search/swiftype.swig","time":"2017-01-23T11:29:51.178Z","v":0}
{"name":"hexo","hostname":"Xiang-Ji","pid":19256,"level":20,"msg":"Added: themes/NexT/layout/_partials/search/tinysou.swig","time":"2017-01-23T11:29:51.178Z","v":0}
{"name":"hexo","hostname":"Xiang-Ji","pid":19256,"level":20,"msg":"Added: themes/NexT/layout/_partials/search.swig","time":"2017-01-23T11:29:51.179Z","v":0}
{"name":"hexo","hostname":"Xiang-Ji","pid":19256,"level":20,"msg":"Added: themes/NexT/layout/_partials/share/add-this.swig","time":"2017-01-23T11:29:51.179Z","v":0}
{"name":"hexo","hostname":"Xiang-Ji","pid":19256,"level":20,"msg":"Added: themes/NexT/layout/_partials/head.swig","time":"2017-01-23T11:29:51.179Z","v":0}
{"name":"hexo","hostname":"Xiang-Ji","pid":19256,"level":20,"msg":"Added: themes/NexT/layout/_partials/header.swig","time":"2017-01-23T11:29:51.179Z","v":0}
{"name":"hexo","hostname":"Xiang-Ji","pid":19256,"level":20,"msg":"Added: themes/NexT/layout/_partials/head/external-fonts.swig","time":"2017-01-23T11:29:51.179Z","v":0}
{"name":"hexo","hostname":"Xiang-Ji","pid":19256,"level":20,"msg":"Added: themes/NexT/layout/_partials/share/baidushare.swig","time":"2017-01-23T11:29:51.216Z","v":0}
{"name":"hexo","hostname":"Xiang-Ji","pid":19256,"level":20,"msg":"Added: themes/NexT/layout/_scripts/baidu-push.swig","time":"2017-01-23T11:29:51.216Z","v":0}
{"name":"hexo","hostname":"Xiang-Ji","pid":19256,"level":20,"msg":"Added: themes/NexT/layout/_scripts/boostrap.swig","time":"2017-01-23T11:29:51.216Z","v":0}
{"name":"hexo","hostname":"Xiang-Ji","pid":19256,"level":20,"msg":"Added: themes/NexT/layout/_scripts/commons.swig","time":"2017-01-23T11:29:51.217Z","v":0}
{"name":"hexo","hostname":"Xiang-Ji","pid":19256,"level":20,"msg":"Added: themes/NexT/layout/_scripts/pages/post-details.swig","time":"2017-01-23T11:29:51.217Z","v":0}
{"name":"hexo","hostname":"Xiang-Ji","pid":19256,"level":20,"msg":"Added: themes/NexT/layout/_partials/share/duoshuo_share.swig","time":"2017-01-23T11:29:51.217Z","v":0}
{"name":"hexo","hostname":"Xiang-Ji","pid":19256,"level":20,"msg":"Added: themes/NexT/layout/_scripts/schemes/pisces.swig","time":"2017-01-23T11:29:51.217Z","v":0}
{"name":"hexo","hostname":"Xiang-Ji","pid":19256,"level":20,"msg":"Added: themes/NexT/layout/_scripts/third-party/analytics/baidu-analytics.swig","time":"2017-01-23T11:29:51.217Z","v":0}
{"name":"hexo","hostname":"Xiang-Ji","pid":19256,"level":20,"msg":"Added: themes/NexT/layout/_scripts/third-party/analytics/cnzz-analytics.swig","time":"2017-01-23T11:29:51.217Z","v":0}
{"name":"hexo","hostname":"Xiang-Ji","pid":19256,"level":20,"msg":"Added: themes/NexT/layout/_partials/share/jiathis.swig","time":"2017-01-23T11:29:51.218Z","v":0}
{"name":"hexo","hostname":"Xiang-Ji","pid":19256,"level":20,"msg":"Added: themes/NexT/layout/_scripts/third-party/analytics/facebook-sdk.swig","time":"2017-01-23T11:29:51.218Z","v":0}
{"name":"hexo","hostname":"Xiang-Ji","pid":19256,"level":20,"msg":"Added: themes/NexT/layout/_scripts/third-party/analytics/google-analytics.swig","time":"2017-01-23T11:29:51.218Z","v":0}
{"name":"hexo","hostname":"Xiang-Ji","pid":19256,"level":20,"msg":"Added: themes/NexT/layout/_scripts/third-party/analytics/tencent-analytics.swig","time":"2017-01-23T11:29:51.218Z","v":0}
{"name":"hexo","hostname":"Xiang-Ji","pid":19256,"level":20,"msg":"Added: themes/NexT/layout/_scripts/third-party/analytics.swig","time":"2017-01-23T11:29:51.219Z","v":0}
{"name":"hexo","hostname":"Xiang-Ji","pid":19256,"level":20,"msg":"Added: themes/NexT/layout/_scripts/third-party/analytics/application-insights.swig","time":"2017-01-23T11:29:51.219Z","v":0}
{"name":"hexo","hostname":"Xiang-Ji","pid":19256,"level":20,"msg":"Added: themes/NexT/layout/_scripts/third-party/comments/gentie.swig","time":"2017-01-23T11:29:51.219Z","v":0}
{"name":"hexo","hostname":"Xiang-Ji","pid":19256,"level":20,"msg":"Added: themes/NexT/layout/_scripts/third-party/analytics/busuanzi-counter.swig","time":"2017-01-23T11:29:51.219Z","v":0}
{"name":"hexo","hostname":"Xiang-Ji","pid":19256,"level":20,"msg":"Added: themes/NexT/layout/_scripts/third-party/comments/disqus.swig","time":"2017-01-23T11:29:51.219Z","v":0}
{"name":"hexo","hostname":"Xiang-Ji","pid":19256,"level":20,"msg":"Added: themes/NexT/layout/_scripts/third-party/comments/youyan.swig","time":"2017-01-23T11:29:51.219Z","v":0}
{"name":"hexo","hostname":"Xiang-Ji","pid":19256,"level":20,"msg":"Added: themes/NexT/layout/_scripts/third-party/comments.swig","time":"2017-01-23T11:29:51.219Z","v":0}
{"name":"hexo","hostname":"Xiang-Ji","pid":19256,"level":20,"msg":"Added: themes/NexT/layout/_scripts/third-party/comments/duoshuo.swig","time":"2017-01-23T11:29:51.219Z","v":0}
{"name":"hexo","hostname":"Xiang-Ji","pid":19256,"level":20,"msg":"Added: themes/NexT/layout/_scripts/third-party/lean-analytics.swig","time":"2017-01-23T11:29:51.220Z","v":0}
{"name":"hexo","hostname":"Xiang-Ji","pid":19256,"level":20,"msg":"Added: themes/NexT/layout/_scripts/third-party/localsearch.swig","time":"2017-01-23T11:29:51.220Z","v":0}
{"name":"hexo","hostname":"Xiang-Ji","pid":19256,"level":20,"msg":"Added: themes/NexT/layout/_scripts/third-party/mathjax.swig","time":"2017-01-23T11:29:51.220Z","v":0}
{"name":"hexo","hostname":"Xiang-Ji","pid":19256,"level":20,"msg":"Added: themes/NexT/layout/_scripts/third-party/comments/hypercomments.swig","time":"2017-01-23T11:29:51.220Z","v":0}
{"name":"hexo","hostname":"Xiang-Ji","pid":19256,"level":20,"msg":"Added: themes/NexT/layout/_scripts/third-party/schedule.swig","time":"2017-01-23T11:29:51.220Z","v":0}
{"name":"hexo","hostname":"Xiang-Ji","pid":19256,"level":20,"msg":"Added: themes/NexT/layout/_scripts/third-party/tinysou.swig","time":"2017-01-23T11:29:51.220Z","v":0}
{"name":"hexo","hostname":"Xiang-Ji","pid":19256,"level":20,"msg":"Added: themes/NexT/layout/index.swig","time":"2017-01-23T11:29:51.220Z","v":0}
{"name":"hexo","hostname":"Xiang-Ji","pid":19256,"level":20,"msg":"Added: themes/NexT/layout/_scripts/vendors.swig","time":"2017-01-23T11:29:51.220Z","v":0}
{"name":"hexo","hostname":"Xiang-Ji","pid":19256,"level":20,"msg":"Added: themes/NexT/layout/archive.swig","time":"2017-01-23T11:29:51.221Z","v":0}
{"name":"hexo","hostname":"Xiang-Ji","pid":19256,"level":20,"msg":"Added: themes/NexT/layout/category.swig","time":"2017-01-23T11:29:51.221Z","v":0}
{"name":"hexo","hostname":"Xiang-Ji","pid":19256,"level":20,"msg":"Added: themes/NexT/layout/schedule.swig","time":"2017-01-23T11:29:51.222Z","v":0}
{"name":"hexo","hostname":"Xiang-Ji","pid":19256,"level":20,"msg":"Added: themes/NexT/layout/page.swig","time":"2017-01-23T11:29:51.222Z","v":0}
{"name":"hexo","hostname":"Xiang-Ji","pid":19256,"level":20,"msg":"Added: themes/NexT/scripts/merge-configs.js","time":"2017-01-23T11:29:51.222Z","v":0}
{"name":"hexo","hostname":"Xiang-Ji","pid":19256,"level":20,"msg":"Added: themes/NexT/scripts/tags/button.js","time":"2017-01-23T11:29:51.222Z","v":0}
{"name":"hexo","hostname":"Xiang-Ji","pid":19256,"level":20,"msg":"Added: themes/NexT/scripts/tags/center-quote.js","time":"2017-01-23T11:29:51.222Z","v":0}
{"name":"hexo","hostname":"Xiang-Ji","pid":19256,"level":20,"msg":"Added: themes/NexT/scripts/tags/full-image.js","time":"2017-01-23T11:29:51.222Z","v":0}
{"name":"hexo","hostname":"Xiang-Ji","pid":19256,"level":20,"msg":"Added: themes/NexT/layout/post.swig","time":"2017-01-23T11:29:51.223Z","v":0}
{"name":"hexo","hostname":"Xiang-Ji","pid":19256,"level":20,"msg":"Added: themes/NexT/scripts/tags/group-pictures.js","time":"2017-01-23T11:29:51.223Z","v":0}
{"name":"hexo","hostname":"Xiang-Ji","pid":19256,"level":20,"msg":"Added: themes/NexT/scripts/tags/note.js","time":"2017-01-23T11:29:51.223Z","v":0}
{"name":"hexo","hostname":"Xiang-Ji","pid":19256,"level":20,"msg":"Added: themes/NexT/source/css/_common/components/back-to-top.styl","time":"2017-01-23T11:29:51.223Z","v":0}
{"name":"hexo","hostname":"Xiang-Ji","pid":19256,"level":20,"msg":"Added: themes/NexT/source/css/_common/components/comments.styl","time":"2017-01-23T11:29:51.228Z","v":0}
{"name":"hexo","hostname":"Xiang-Ji","pid":19256,"level":20,"msg":"Added: themes/NexT/source/css/_common/components/components.styl","time":"2017-01-23T11:29:51.229Z","v":0}
{"name":"hexo","hostname":"Xiang-Ji","pid":19256,"level":20,"msg":"Added: themes/NexT/source/css/_common/components/footer/footer.styl","time":"2017-01-23T11:29:51.230Z","v":0}
{"name":"hexo","hostname":"Xiang-Ji","pid":19256,"level":20,"msg":"Added: themes/NexT/source/css/_common/components/header/header.styl","time":"2017-01-23T11:29:51.230Z","v":0}
{"name":"hexo","hostname":"Xiang-Ji","pid":19256,"level":20,"msg":"Added: themes/NexT/source/css/_common/components/header/headerband.styl","time":"2017-01-23T11:29:51.231Z","v":0}
{"name":"hexo","hostname":"Xiang-Ji","pid":19256,"level":20,"msg":"Added: themes/NexT/package.json","time":"2017-01-23T11:29:51.231Z","v":0}
{"name":"hexo","hostname":"Xiang-Ji","pid":19256,"level":20,"msg":"Added: themes/NexT/layout/tag.swig","time":"2017-01-23T11:29:51.231Z","v":0}
{"name":"hexo","hostname":"Xiang-Ji","pid":19256,"level":20,"msg":"Added: themes/NexT/source/css/_common/components/header/site-nav.styl","time":"2017-01-23T11:29:51.231Z","v":0}
{"name":"hexo","hostname":"Xiang-Ji","pid":19256,"level":20,"msg":"Added: themes/NexT/source/css/_common/components/highlight/diff.styl","time":"2017-01-23T11:29:51.231Z","v":0}
{"name":"hexo","hostname":"Xiang-Ji","pid":19256,"level":20,"msg":"Added: themes/NexT/source/css/_common/components/buttons.styl","time":"2017-01-23T11:29:51.231Z","v":0}
{"name":"hexo","hostname":"Xiang-Ji","pid":19256,"level":20,"msg":"Added: themes/NexT/source/css/_common/components/header/menu.styl","time":"2017-01-23T11:29:51.233Z","v":0}
{"name":"hexo","hostname":"Xiang-Ji","pid":19256,"level":20,"msg":"Added: themes/NexT/source/css/_common/components/pages/archive.styl","time":"2017-01-23T11:29:51.233Z","v":0}
{"name":"hexo","hostname":"Xiang-Ji","pid":19256,"level":20,"msg":"Added: themes/NexT/source/css/_common/components/header/site-meta.styl","time":"2017-01-23T11:29:51.233Z","v":0}
{"name":"hexo","hostname":"Xiang-Ji","pid":19256,"level":20,"msg":"Added: themes/NexT/source/css/_common/components/pages/categories.styl","time":"2017-01-23T11:29:51.233Z","v":0}
{"name":"hexo","hostname":"Xiang-Ji","pid":19256,"level":20,"msg":"Added: themes/NexT/source/css/_common/components/pages/pages.styl","time":"2017-01-23T11:29:51.234Z","v":0}
{"name":"hexo","hostname":"Xiang-Ji","pid":19256,"level":20,"msg":"Added: themes/NexT/source/css/_common/components/pages/post-detail.styl","time":"2017-01-23T11:29:51.234Z","v":0}
{"name":"hexo","hostname":"Xiang-Ji","pid":19256,"level":20,"msg":"Added: themes/NexT/source/css/_common/components/highlight/highlight.styl","time":"2017-01-23T11:29:51.234Z","v":0}
{"name":"hexo","hostname":"Xiang-Ji","pid":19256,"level":20,"msg":"Added: themes/NexT/source/css/_common/components/post/post-button.styl","time":"2017-01-23T11:29:51.234Z","v":0}
{"name":"hexo","hostname":"Xiang-Ji","pid":19256,"level":20,"msg":"Added: themes/NexT/source/css/_common/components/highlight/theme.styl","time":"2017-01-23T11:29:51.235Z","v":0}
{"name":"hexo","hostname":"Xiang-Ji","pid":19256,"level":20,"msg":"Added: themes/NexT/source/css/_common/components/post/post-eof.styl","time":"2017-01-23T11:29:51.235Z","v":0}
{"name":"hexo","hostname":"Xiang-Ji","pid":19256,"level":20,"msg":"Added: themes/NexT/source/css/_common/components/pages/schedule.styl","time":"2017-01-23T11:29:51.235Z","v":0}
{"name":"hexo","hostname":"Xiang-Ji","pid":19256,"level":20,"msg":"Added: themes/NexT/source/css/_common/components/post/post-gallery.styl","time":"2017-01-23T11:29:51.235Z","v":0}
{"name":"hexo","hostname":"Xiang-Ji","pid":19256,"level":20,"msg":"Added: themes/NexT/source/css/_common/components/post/post-collapse.styl","time":"2017-01-23T11:29:51.235Z","v":0}
{"name":"hexo","hostname":"Xiang-Ji","pid":19256,"level":20,"msg":"Added: themes/NexT/source/css/_common/components/pagination.styl","time":"2017-01-23T11:29:51.235Z","v":0}
{"name":"hexo","hostname":"Xiang-Ji","pid":19256,"level":20,"msg":"Added: themes/NexT/source/css/_common/components/post/post-expand.styl","time":"2017-01-23T11:29:51.235Z","v":0}
{"name":"hexo","hostname":"Xiang-Ji","pid":19256,"level":20,"msg":"Added: themes/NexT/source/css/_common/components/post/post-tags.styl","time":"2017-01-23T11:29:51.236Z","v":0}
{"name":"hexo","hostname":"Xiang-Ji","pid":19256,"level":20,"msg":"Added: themes/NexT/source/css/_common/components/post/post-meta.styl","time":"2017-01-23T11:29:51.237Z","v":0}
{"name":"hexo","hostname":"Xiang-Ji","pid":19256,"level":20,"msg":"Added: themes/NexT/source/css/_common/components/post/post-type.styl","time":"2017-01-23T11:29:51.237Z","v":0}
{"name":"hexo","hostname":"Xiang-Ji","pid":19256,"level":20,"msg":"Added: themes/NexT/source/css/_common/components/post/post-nav.styl","time":"2017-01-23T11:29:51.237Z","v":0}
{"name":"hexo","hostname":"Xiang-Ji","pid":19256,"level":20,"msg":"Added: themes/NexT/source/css/_common/components/sidebar/sidebar-author-links.styl","time":"2017-01-23T11:29:51.237Z","v":0}
{"name":"hexo","hostname":"Xiang-Ji","pid":19256,"level":20,"msg":"Added: themes/NexT/source/css/_common/components/post/post-reward.styl","time":"2017-01-23T11:29:51.237Z","v":0}
{"name":"hexo","hostname":"Xiang-Ji","pid":19256,"level":20,"msg":"Added: themes/NexT/source/css/_common/components/sidebar/sidebar-blogroll.styl","time":"2017-01-23T11:29:51.238Z","v":0}
{"name":"hexo","hostname":"Xiang-Ji","pid":19256,"level":20,"msg":"Added: themes/NexT/source/css/_common/components/post/post-title.styl","time":"2017-01-23T11:29:51.238Z","v":0}
{"name":"hexo","hostname":"Xiang-Ji","pid":19256,"level":20,"msg":"Added: themes/NexT/source/css/_common/components/sidebar/sidebar-feed-link.styl","time":"2017-01-23T11:29:51.238Z","v":0}
{"name":"hexo","hostname":"Xiang-Ji","pid":19256,"level":20,"msg":"Added: themes/NexT/source/css/_common/components/post/post.styl","time":"2017-01-23T11:29:51.238Z","v":0}
{"name":"hexo","hostname":"Xiang-Ji","pid":19256,"level":20,"msg":"Added: themes/NexT/source/css/_common/components/sidebar/sidebar-author.styl","time":"2017-01-23T11:29:51.238Z","v":0}
{"name":"hexo","hostname":"Xiang-Ji","pid":19256,"level":20,"msg":"Added: themes/NexT/source/css/_common/components/sidebar/sidebar-toggle.styl","time":"2017-01-23T11:29:51.239Z","v":0}
{"name":"hexo","hostname":"Xiang-Ji","pid":19256,"level":20,"msg":"Added: themes/NexT/source/css/_common/components/sidebar/sidebar-nav.styl","time":"2017-01-23T11:29:51.239Z","v":0}
{"name":"hexo","hostname":"Xiang-Ji","pid":19256,"level":20,"msg":"Added: themes/NexT/source/css/_common/components/sidebar/sidebar-toc.styl","time":"2017-01-23T11:29:51.239Z","v":0}
{"name":"hexo","hostname":"Xiang-Ji","pid":19256,"level":20,"msg":"Added: themes/NexT/source/css/_common/components/tag-cloud.styl","time":"2017-01-23T11:29:51.239Z","v":0}
{"name":"hexo","hostname":"Xiang-Ji","pid":19256,"level":20,"msg":"Added: themes/NexT/source/css/_common/components/sidebar/sidebar.styl","time":"2017-01-23T11:29:51.239Z","v":0}
{"name":"hexo","hostname":"Xiang-Ji","pid":19256,"level":20,"msg":"Added: themes/NexT/source/css/_common/components/tags/full-image.styl","time":"2017-01-23T11:29:51.239Z","v":0}
{"name":"hexo","hostname":"Xiang-Ji","pid":19256,"level":20,"msg":"Added: themes/NexT/source/css/_common/components/sidebar/site-state.styl","time":"2017-01-23T11:29:51.240Z","v":0}
{"name":"hexo","hostname":"Xiang-Ji","pid":19256,"level":20,"msg":"Added: themes/NexT/source/css/_common/components/tags/blockquote-center.styl","time":"2017-01-23T11:29:51.240Z","v":0}
{"name":"hexo","hostname":"Xiang-Ji","pid":19256,"level":20,"msg":"Added: themes/NexT/source/css/_common/components/tags/tags.styl","time":"2017-01-23T11:29:51.240Z","v":0}
{"name":"hexo","hostname":"Xiang-Ji","pid":19256,"level":20,"msg":"Added: themes/NexT/source/css/_common/components/tags/group-pictures.styl","time":"2017-01-23T11:29:51.240Z","v":0}
{"name":"hexo","hostname":"Xiang-Ji","pid":19256,"level":20,"msg":"Added: themes/NexT/source/css/_common/components/third-party/baidushare.styl","time":"2017-01-23T11:29:51.240Z","v":0}
{"name":"hexo","hostname":"Xiang-Ji","pid":19256,"level":20,"msg":"Added: themes/NexT/source/css/_common/components/tags/note.styl","time":"2017-01-23T11:29:51.240Z","v":0}
{"name":"hexo","hostname":"Xiang-Ji","pid":19256,"level":20,"msg":"Added: themes/NexT/source/css/_common/components/third-party/algolia-search.styl","time":"2017-01-23T11:29:51.240Z","v":0}
{"name":"hexo","hostname":"Xiang-Ji","pid":19256,"level":20,"msg":"Added: themes/NexT/source/css/_common/components/third-party/busuanzi-counter.styl","time":"2017-01-23T11:29:51.241Z","v":0}
{"name":"hexo","hostname":"Xiang-Ji","pid":19256,"level":20,"msg":"Added: themes/NexT/source/css/_common/components/third-party/jiathis.styl","time":"2017-01-23T11:29:51.241Z","v":0}
{"name":"hexo","hostname":"Xiang-Ji","pid":19256,"level":20,"msg":"Added: themes/NexT/source/css/_common/components/third-party/gentie.styl","time":"2017-01-23T11:29:51.241Z","v":0}
{"name":"hexo","hostname":"Xiang-Ji","pid":19256,"level":20,"msg":"Added: themes/NexT/source/css/_common/components/third-party/third-party.styl","time":"2017-01-23T11:29:51.241Z","v":0}
{"name":"hexo","hostname":"Xiang-Ji","pid":19256,"level":20,"msg":"Added: themes/NexT/source/css/_common/components/third-party/duoshuo.styl","time":"2017-01-23T11:29:51.241Z","v":0}
{"name":"hexo","hostname":"Xiang-Ji","pid":19256,"level":20,"msg":"Added: themes/NexT/source/css/_common/components/third-party/localsearch.styl","time":"2017-01-23T11:29:51.241Z","v":0}
{"name":"hexo","hostname":"Xiang-Ji","pid":19256,"level":20,"msg":"Added: themes/NexT/source/css/_common/outline/outline.styl","time":"2017-01-23T11:29:51.242Z","v":0}
{"name":"hexo","hostname":"Xiang-Ji","pid":19256,"level":20,"msg":"Added: themes/NexT/source/css/_common/scaffolding/scaffolding.styl","time":"2017-01-23T11:29:51.242Z","v":0}
{"name":"hexo","hostname":"Xiang-Ji","pid":19256,"level":20,"msg":"Added: themes/NexT/source/css/_common/scaffolding/base.styl","time":"2017-01-23T11:29:51.243Z","v":0}
{"name":"hexo","hostname":"Xiang-Ji","pid":19256,"level":20,"msg":"Added: themes/NexT/source/css/_custom/custom.styl","time":"2017-01-23T11:29:51.243Z","v":0}
{"name":"hexo","hostname":"Xiang-Ji","pid":19256,"level":20,"msg":"Added: themes/NexT/source/css/_common/scaffolding/helpers.styl","time":"2017-01-23T11:29:51.243Z","v":0}
{"name":"hexo","hostname":"Xiang-Ji","pid":19256,"level":20,"msg":"Added: themes/NexT/source/css/_mixins/Pisces.styl","time":"2017-01-23T11:29:51.243Z","v":0}
{"name":"hexo","hostname":"Xiang-Ji","pid":19256,"level":20,"msg":"Added: themes/NexT/source/css/_schemes/Mist/_base.styl","time":"2017-01-23T11:29:51.243Z","v":0}
{"name":"hexo","hostname":"Xiang-Ji","pid":19256,"level":20,"msg":"Added: themes/NexT/source/css/_common/scaffolding/normalize.styl","time":"2017-01-23T11:29:51.243Z","v":0}
{"name":"hexo","hostname":"Xiang-Ji","pid":19256,"level":20,"msg":"Added: themes/NexT/source/css/_schemes/Mist/_logo.styl","time":"2017-01-23T11:29:51.244Z","v":0}
{"name":"hexo","hostname":"Xiang-Ji","pid":19256,"level":20,"msg":"Added: themes/NexT/source/css/_common/scaffolding/tables.styl","time":"2017-01-23T11:29:51.244Z","v":0}
{"name":"hexo","hostname":"Xiang-Ji","pid":19256,"level":20,"msg":"Added: themes/NexT/source/css/_mixins/base.styl","time":"2017-01-23T11:29:51.244Z","v":0}
{"name":"hexo","hostname":"Xiang-Ji","pid":19256,"level":20,"msg":"Added: themes/NexT/source/css/_schemes/Mist/_search.styl","time":"2017-01-23T11:29:51.244Z","v":0}
{"name":"hexo","hostname":"Xiang-Ji","pid":19256,"level":20,"msg":"Added: themes/NexT/source/css/_schemes/Mist/_header.styl","time":"2017-01-23T11:29:51.244Z","v":0}
{"name":"hexo","hostname":"Xiang-Ji","pid":19256,"level":20,"msg":"Added: themes/NexT/source/css/_schemes/Mist/outline/outline.styl","time":"2017-01-23T11:29:51.244Z","v":0}
{"name":"hexo","hostname":"Xiang-Ji","pid":19256,"level":20,"msg":"Added: themes/NexT/source/css/_schemes/Mist/sidebar/sidebar-blogroll.styl","time":"2017-01-23T11:29:51.244Z","v":0}
{"name":"hexo","hostname":"Xiang-Ji","pid":19256,"level":20,"msg":"Added: themes/NexT/source/css/_schemes/Mist/_menu.styl","time":"2017-01-23T11:29:51.245Z","v":0}
{"name":"hexo","hostname":"Xiang-Ji","pid":19256,"level":20,"msg":"Added: themes/NexT/source/css/_schemes/Muse/_layout.styl","time":"2017-01-23T11:29:51.245Z","v":0}
{"name":"hexo","hostname":"Xiang-Ji","pid":19256,"level":20,"msg":"Added: themes/NexT/source/css/_schemes/Muse/_logo.styl","time":"2017-01-23T11:29:51.245Z","v":0}
{"name":"hexo","hostname":"Xiang-Ji","pid":19256,"level":20,"msg":"Added: themes/NexT/source/css/_schemes/Muse/_menu.styl","time":"2017-01-23T11:29:51.245Z","v":0}
{"name":"hexo","hostname":"Xiang-Ji","pid":19256,"level":20,"msg":"Added: themes/NexT/source/css/_schemes/Muse/_search.styl","time":"2017-01-23T11:29:51.247Z","v":0}
{"name":"hexo","hostname":"Xiang-Ji","pid":19256,"level":20,"msg":"Added: themes/NexT/source/css/_schemes/Muse/index.styl","time":"2017-01-23T11:29:51.248Z","v":0}
{"name":"hexo","hostname":"Xiang-Ji","pid":19256,"level":20,"msg":"Added: themes/NexT/source/css/_schemes/Muse/sidebar/sidebar-blogroll.styl","time":"2017-01-23T11:29:51.248Z","v":0}
{"name":"hexo","hostname":"Xiang-Ji","pid":19256,"level":20,"msg":"Added: themes/NexT/source/css/_schemes/Pisces/_brand.styl","time":"2017-01-23T11:29:51.248Z","v":0}
{"name":"hexo","hostname":"Xiang-Ji","pid":19256,"level":20,"msg":"Added: themes/NexT/source/css/_schemes/Mist/index.styl","time":"2017-01-23T11:29:51.248Z","v":0}
{"name":"hexo","hostname":"Xiang-Ji","pid":19256,"level":20,"msg":"Added: themes/NexT/source/css/_schemes/Mist/_posts-expanded.styl","time":"2017-01-23T11:29:51.249Z","v":0}
{"name":"hexo","hostname":"Xiang-Ji","pid":19256,"level":20,"msg":"Added: themes/NexT/source/css/_schemes/Pisces/_posts.styl","time":"2017-01-23T11:29:51.249Z","v":0}
{"name":"hexo","hostname":"Xiang-Ji","pid":19256,"level":20,"msg":"Added: themes/NexT/source/css/_schemes/Pisces/_layout.styl","time":"2017-01-23T11:29:51.249Z","v":0}
{"name":"hexo","hostname":"Xiang-Ji","pid":19256,"level":20,"msg":"Added: themes/NexT/source/css/_schemes/Pisces/index.styl","time":"2017-01-23T11:29:51.249Z","v":0}
{"name":"hexo","hostname":"Xiang-Ji","pid":19256,"level":20,"msg":"Added: themes/NexT/source/css/_variables/Mist.styl","time":"2017-01-23T11:29:51.249Z","v":0}
{"name":"hexo","hostname":"Xiang-Ji","pid":19256,"level":20,"msg":"Added: themes/NexT/source/css/_schemes/Pisces/_menu.styl","time":"2017-01-23T11:29:51.250Z","v":0}
{"name":"hexo","hostname":"Xiang-Ji","pid":19256,"level":20,"msg":"Added: themes/NexT/source/css/_schemes/Pisces/_sidebar.styl","time":"2017-01-23T11:29:51.250Z","v":0}
{"name":"hexo","hostname":"Xiang-Ji","pid":19256,"level":20,"msg":"Added: themes/NexT/source/css/_variables/base.styl","time":"2017-01-23T11:29:51.250Z","v":0}
{"name":"hexo","hostname":"Xiang-Ji","pid":19256,"level":20,"msg":"Added: themes/NexT/source/css/_variables/Pisces.styl","time":"2017-01-23T11:29:51.251Z","v":0}
{"name":"hexo","hostname":"Xiang-Ji","pid":19256,"level":20,"msg":"Added: themes/NexT/source/images/algolia_logo.svg","time":"2017-01-23T11:29:51.251Z","v":0}
{"name":"hexo","hostname":"Xiang-Ji","pid":19256,"level":20,"msg":"Added: themes/NexT/source/css/main.styl","time":"2017-01-23T11:29:51.251Z","v":0}
{"name":"hexo","hostname":"Xiang-Ji","pid":19256,"level":20,"msg":"Added: themes/NexT/source/images/cc-by-nc-nd.svg","time":"2017-01-23T11:29:51.251Z","v":0}
{"name":"hexo","hostname":"Xiang-Ji","pid":19256,"level":20,"msg":"Added: themes/NexT/source/images/cc-by-nc-sa.svg","time":"2017-01-23T11:29:51.251Z","v":0}
{"name":"hexo","hostname":"Xiang-Ji","pid":19256,"level":20,"msg":"Added: themes/NexT/source/images/cc-by-nc.svg","time":"2017-01-23T11:29:51.251Z","v":0}
{"name":"hexo","hostname":"Xiang-Ji","pid":19256,"level":20,"msg":"Added: themes/NexT/source/images/loading.gif","time":"2017-01-23T11:29:51.252Z","v":0}
{"name":"hexo","hostname":"Xiang-Ji","pid":19256,"level":20,"msg":"Added: themes/NexT/source/images/cc-by-nd.svg","time":"2017-01-23T11:29:51.252Z","v":0}
{"name":"hexo","hostname":"Xiang-Ji","pid":19256,"level":20,"msg":"Added: themes/NexT/source/images/placeholder.gif","time":"2017-01-23T11:29:51.253Z","v":0}
{"name":"hexo","hostname":"Xiang-Ji","pid":19256,"level":20,"msg":"Added: themes/NexT/source/images/cc-by-sa.svg","time":"2017-01-23T11:29:51.254Z","v":0}
{"name":"hexo","hostname":"Xiang-Ji","pid":19256,"level":20,"msg":"Added: themes/NexT/source/images/avatar.gif","time":"2017-01-23T11:29:51.254Z","v":0}
{"name":"hexo","hostname":"Xiang-Ji","pid":19256,"level":20,"msg":"Added: themes/NexT/source/images/cc-by.svg","time":"2017-01-23T11:29:51.254Z","v":0}
{"name":"hexo","hostname":"Xiang-Ji","pid":19256,"level":20,"msg":"Added: themes/NexT/source/js/src/affix.js","time":"2017-01-23T11:29:51.254Z","v":0}
{"name":"hexo","hostname":"Xiang-Ji","pid":19256,"level":20,"msg":"Added: themes/NexT/source/js/src/algolia-search.js","time":"2017-01-23T11:29:51.254Z","v":0}
{"name":"hexo","hostname":"Xiang-Ji","pid":19256,"level":20,"msg":"Added: themes/NexT/source/images/quote-l.svg","time":"2017-01-23T11:29:51.254Z","v":0}
{"name":"hexo","hostname":"Xiang-Ji","pid":19256,"level":20,"msg":"Added: themes/NexT/source/js/src/bootstrap.js","time":"2017-01-23T11:29:51.255Z","v":0}
{"name":"hexo","hostname":"Xiang-Ji","pid":19256,"level":20,"msg":"Added: themes/NexT/source/js/src/motion.js","time":"2017-01-23T11:29:51.255Z","v":0}
{"name":"hexo","hostname":"Xiang-Ji","pid":19256,"level":20,"msg":"Added: themes/NexT/source/js/src/hook-duoshuo.js","time":"2017-01-23T11:29:51.255Z","v":0}
{"name":"hexo","hostname":"Xiang-Ji","pid":19256,"level":20,"msg":"Added: themes/NexT/source/js/src/post-details.js","time":"2017-01-23T11:29:51.255Z","v":0}
{"name":"hexo","hostname":"Xiang-Ji","pid":19256,"level":20,"msg":"Added: themes/NexT/source/js/src/scrollspy.js","time":"2017-01-23T11:29:51.255Z","v":0}
{"name":"hexo","hostname":"Xiang-Ji","pid":19256,"level":20,"msg":"Added: themes/NexT/source/js/src/schemes/pisces.js","time":"2017-01-23T11:29:51.255Z","v":0}
{"name":"hexo","hostname":"Xiang-Ji","pid":19256,"level":20,"msg":"Added: themes/NexT/source/js/src/utils.js","time":"2017-01-23T11:29:51.255Z","v":0}
{"name":"hexo","hostname":"Xiang-Ji","pid":19256,"level":20,"msg":"Added: themes/NexT/source/images/searchicon.png","time":"2017-01-23T11:29:51.255Z","v":0}
{"name":"hexo","hostname":"Xiang-Ji","pid":19256,"level":20,"msg":"Added: themes/NexT/source/images/quote-r.svg","time":"2017-01-23T11:29:51.256Z","v":0}
{"name":"hexo","hostname":"Xiang-Ji","pid":19256,"level":20,"msg":"Added: themes/NexT/source/lib/canvas-nest/canvas-nest.min.js","time":"2017-01-23T11:29:51.256Z","v":0}
{"name":"hexo","hostname":"Xiang-Ji","pid":19256,"level":20,"msg":"Added: themes/NexT/source/images/cc-zero.svg","time":"2017-01-23T11:29:51.256Z","v":0}
{"name":"hexo","hostname":"Xiang-Ji","pid":19256,"level":20,"msg":"Added: themes/NexT/source/lib/algolia-instant-search/instantsearch.min.css","time":"2017-01-23T11:29:51.256Z","v":0}
{"name":"hexo","hostname":"Xiang-Ji","pid":19256,"level":20,"msg":"Added: themes/NexT/source/lib/fancybox/source/blank.gif","time":"2017-01-23T11:29:51.256Z","v":0}
{"name":"hexo","hostname":"Xiang-Ji","pid":19256,"level":20,"msg":"Added: themes/NexT/source/lib/fancybox/source/fancybox_loading.gif","time":"2017-01-23T11:29:51.256Z","v":0}
{"name":"hexo","hostname":"Xiang-Ji","pid":19256,"level":20,"msg":"Added: themes/NexT/source/lib/fancybox/source/fancybox_loading@2x.gif","time":"2017-01-23T11:29:51.257Z","v":0}
{"name":"hexo","hostname":"Xiang-Ji","pid":19256,"level":20,"msg":"Added: themes/NexT/source/lib/fancybox/source/fancybox_overlay.png","time":"2017-01-23T11:29:51.257Z","v":0}
{"name":"hexo","hostname":"Xiang-Ji","pid":19256,"level":20,"msg":"Added: themes/NexT/source/lib/fancybox/source/fancybox_sprite.png","time":"2017-01-23T11:29:51.257Z","v":0}
{"name":"hexo","hostname":"Xiang-Ji","pid":19256,"level":20,"msg":"Added: themes/NexT/source/lib/fancybox/source/helpers/jquery.fancybox-buttons.js","time":"2017-01-23T11:29:51.257Z","v":0}
{"name":"hexo","hostname":"Xiang-Ji","pid":19256,"level":20,"msg":"Added: themes/NexT/source/lib/fancybox/source/helpers/jquery.fancybox-media.js","time":"2017-01-23T11:29:51.257Z","v":0}
{"name":"hexo","hostname":"Xiang-Ji","pid":19256,"level":20,"msg":"Added: themes/NexT/source/lib/fancybox/source/fancybox_sprite@2x.png","time":"2017-01-23T11:29:51.257Z","v":0}
{"name":"hexo","hostname":"Xiang-Ji","pid":19256,"level":20,"msg":"Added: themes/NexT/source/lib/fancybox/source/helpers/jquery.fancybox-thumbs.js","time":"2017-01-23T11:29:51.257Z","v":0}
{"name":"hexo","hostname":"Xiang-Ji","pid":19256,"level":20,"msg":"Added: themes/NexT/source/lib/fancybox/source/helpers/fancybox_buttons.png","time":"2017-01-23T11:29:51.258Z","v":0}
{"name":"hexo","hostname":"Xiang-Ji","pid":19256,"level":20,"msg":"Added: themes/NexT/source/lib/fancybox/source/jquery.fancybox.js","time":"2017-01-23T11:29:51.258Z","v":0}
{"name":"hexo","hostname":"Xiang-Ji","pid":19256,"level":20,"msg":"Added: themes/NexT/source/lib/fancybox/source/jquery.fancybox.pack.js","time":"2017-01-23T11:29:51.258Z","v":0}
{"name":"hexo","hostname":"Xiang-Ji","pid":19256,"level":20,"msg":"Added: themes/NexT/source/lib/fancybox/source/helpers/jquery.fancybox-buttons.css","time":"2017-01-23T11:29:51.258Z","v":0}
{"name":"hexo","hostname":"Xiang-Ji","pid":19256,"level":20,"msg":"Added: themes/NexT/source/lib/fancybox/source/helpers/jquery.fancybox-thumbs.css","time":"2017-01-23T11:29:51.258Z","v":0}
{"name":"hexo","hostname":"Xiang-Ji","pid":19256,"level":20,"msg":"Added: themes/NexT/source/lib/fastclick/bower.json","time":"2017-01-23T11:29:51.258Z","v":0}
{"name":"hexo","hostname":"Xiang-Ji","pid":19256,"level":20,"msg":"Added: themes/NexT/source/lib/fastclick/LICENSE","time":"2017-01-23T11:29:51.258Z","v":0}
{"name":"hexo","hostname":"Xiang-Ji","pid":19256,"level":20,"msg":"Added: themes/NexT/source/lib/fastclick/lib/fastclick.min.js","time":"2017-01-23T11:29:51.258Z","v":0}
{"name":"hexo","hostname":"Xiang-Ji","pid":19256,"level":20,"msg":"Added: themes/NexT/source/lib/font-awesome/HELP-US-OUT.txt","time":"2017-01-23T11:29:51.259Z","v":0}
{"name":"hexo","hostname":"Xiang-Ji","pid":19256,"level":20,"msg":"Added: themes/NexT/source/lib/font-awesome/bower.json","time":"2017-01-23T11:29:51.259Z","v":0}
{"name":"hexo","hostname":"Xiang-Ji","pid":19256,"level":20,"msg":"Added: themes/NexT/source/lib/fastclick/README.md","time":"2017-01-23T11:29:51.259Z","v":0}
{"name":"hexo","hostname":"Xiang-Ji","pid":19256,"level":20,"msg":"Added: themes/NexT/source/lib/fancybox/source/jquery.fancybox.css","time":"2017-01-23T11:29:51.259Z","v":0}
{"name":"hexo","hostname":"Xiang-Ji","pid":19256,"level":20,"msg":"Added: themes/NexT/source/lib/fastclick/lib/fastclick.js","time":"2017-01-23T11:29:51.259Z","v":0}
{"name":"hexo","hostname":"Xiang-Ji","pid":19256,"level":20,"msg":"Added: themes/NexT/source/lib/font-awesome/css/font-awesome.css","time":"2017-01-23T11:29:51.259Z","v":0}
{"name":"hexo","hostname":"Xiang-Ji","pid":19256,"level":20,"msg":"Added: themes/NexT/source/lib/font-awesome/css/font-awesome.css.map","time":"2017-01-23T11:29:51.259Z","v":0}
{"name":"hexo","hostname":"Xiang-Ji","pid":19256,"level":20,"msg":"Added: themes/NexT/source/lib/font-awesome/css/font-awesome.min.css","time":"2017-01-23T11:29:51.260Z","v":0}
{"name":"hexo","hostname":"Xiang-Ji","pid":19256,"level":20,"msg":"Added: themes/NexT/source/lib/jquery_lazyload/bower.json","time":"2017-01-23T11:29:51.260Z","v":0}
{"name":"hexo","hostname":"Xiang-Ji","pid":19256,"level":20,"msg":"Added: themes/NexT/source/lib/jquery_lazyload/jquery.scrollstop.js","time":"2017-01-23T11:29:51.260Z","v":0}
{"name":"hexo","hostname":"Xiang-Ji","pid":19256,"level":20,"msg":"Added: themes/NexT/source/lib/ua-parser-js/dist/ua-parser.pack.js","time":"2017-01-23T11:29:51.261Z","v":0}
{"name":"hexo","hostname":"Xiang-Ji","pid":19256,"level":20,"msg":"Added: themes/NexT/source/lib/jquery_lazyload/jquery.lazyload.js","time":"2017-01-23T11:29:51.261Z","v":0}
{"name":"hexo","hostname":"Xiang-Ji","pid":19256,"level":20,"msg":"Added: themes/NexT/source/lib/jquery_lazyload/CONTRIBUTING.md","time":"2017-01-23T11:29:51.261Z","v":0}
{"name":"hexo","hostname":"Xiang-Ji","pid":19256,"level":20,"msg":"Added: themes/NexT/source/lib/jquery_lazyload/README.md","time":"2017-01-23T11:29:51.261Z","v":0}
{"name":"hexo","hostname":"Xiang-Ji","pid":19256,"level":20,"msg":"Added: themes/NexT/source/lib/velocity/bower.json","time":"2017-01-23T11:29:51.261Z","v":0}
{"name":"hexo","hostname":"Xiang-Ji","pid":19256,"level":20,"msg":"Added: themes/NexT/test/helpers.js","time":"2017-01-23T11:29:51.262Z","v":0}
{"name":"hexo","hostname":"Xiang-Ji","pid":19256,"level":20,"msg":"Added: themes/NexT/source/lib/ua-parser-js/dist/ua-parser.min.js","time":"2017-01-23T11:29:51.263Z","v":0}
{"name":"hexo","hostname":"Xiang-Ji","pid":19256,"level":20,"msg":"Added: themes/NexT/test/intern.js","time":"2017-01-23T11:29:51.263Z","v":0}
{"name":"hexo","hostname":"Xiang-Ji","pid":19256,"level":20,"msg":"Added: themes/NexT/source/lib/velocity/velocity.min.js","time":"2017-01-23T11:29:51.289Z","v":0}
{"name":"hexo","hostname":"Xiang-Ji","pid":19256,"level":20,"msg":"Added: themes/NexT/source/lib/velocity/velocity.ui.js","time":"2017-01-23T11:29:51.289Z","v":0}
{"name":"hexo","hostname":"Xiang-Ji","pid":19256,"level":20,"msg":"Added: themes/NexT/source/lib/font-awesome/fonts/fontawesome-webfont.eot","time":"2017-01-23T11:29:51.290Z","v":0}
{"name":"hexo","hostname":"Xiang-Ji","pid":19256,"level":20,"msg":"Added: themes/NexT/source/lib/font-awesome/fonts/fontawesome-webfont.woff","time":"2017-01-23T11:29:51.290Z","v":0}
{"name":"hexo","hostname":"Xiang-Ji","pid":19256,"level":20,"msg":"Added: themes/NexT/source/lib/font-awesome/fonts/FontAwesome.otf","time":"2017-01-23T11:29:51.290Z","v":0}
{"name":"hexo","hostname":"Xiang-Ji","pid":19256,"level":20,"msg":"Added: themes/NexT/source/lib/font-awesome/fonts/fontawesome-webfont.woff2","time":"2017-01-23T11:29:51.290Z","v":0}
{"name":"hexo","hostname":"Xiang-Ji","pid":19256,"level":20,"msg":"Added: themes/NexT/source/lib/jquery/index.js","time":"2017-01-23T11:29:51.290Z","v":0}
{"name":"hexo","hostname":"Xiang-Ji","pid":19256,"level":20,"msg":"Added: themes/NexT/source/lib/velocity/velocity.ui.min.js","time":"2017-01-23T11:29:51.290Z","v":0}
{"name":"hexo","hostname":"Xiang-Ji","pid":19256,"level":20,"msg":"Processed: _posts/团队中的git实践.md","time":"2017-01-23T11:29:51.296Z","v":0}
{"name":"hexo","hostname":"Xiang-Ji","pid":19256,"level":20,"msg":"Added: themes/NexT/source/lib/font-awesome/fonts/fontawesome-webfont.ttf","time":"2017-01-23T11:29:51.299Z","v":0}
{"name":"hexo","hostname":"Xiang-Ji","pid":19256,"level":20,"msg":"Added: themes/NexT/source/lib/velocity/velocity.js","time":"2017-01-23T11:29:51.301Z","v":0}
{"name":"hexo","hostname":"Xiang-Ji","pid":19256,"level":20,"msg":"Added: themes/NexT/source/lib/font-awesome/fonts/fontawesome-webfont.svg","time":"2017-01-23T11:29:51.302Z","v":0}
{"name":"hexo","hostname":"Xiang-Ji","pid":19256,"level":20,"msg":"Processed: _posts/course-note-3.md","time":"2017-01-23T11:29:51.306Z","v":0}
{"name":"hexo","hostname":"Xiang-Ji","pid":19256,"level":20,"msg":"Added: themes/NexT/source/lib/algolia-instant-search/instantsearch.min.js","time":"2017-01-23T11:29:51.307Z","v":0}
{"name":"hexo","hostname":"Xiang-Ji","pid":19256,"level":20,"msg":"Processed: source/lib/velocity/velocity.ui.min.js","time":"2017-01-23T11:29:51.310Z","v":0}
{"name":"hexo","hostname":"Xiang-Ji","pid":19256,"level":20,"msg":"Processed: source/lib/velocity/velocity.ui.js","time":"2017-01-23T11:29:51.311Z","v":0}
{"name":"hexo","hostname":"Xiang-Ji","pid":19256,"level":20,"msg":"Processed: source/lib/velocity/velocity.min.js","time":"2017-01-23T11:29:51.313Z","v":0}
{"name":"hexo","hostname":"Xiang-Ji","pid":19256,"level":20,"msg":"Processed: source/lib/velocity/velocity.js","time":"2017-01-23T11:29:51.314Z","v":0}
{"name":"hexo","hostname":"Xiang-Ji","pid":19256,"level":20,"msg":"Processed: source/lib/velocity/bower.json","time":"2017-01-23T11:29:51.315Z","v":0}
{"name":"hexo","hostname":"Xiang-Ji","pid":19256,"level":20,"msg":"Processed: source/lib/ua-parser-js/dist/ua-parser.pack.js","time":"2017-01-23T11:29:51.315Z","v":0}
{"name":"hexo","hostname":"Xiang-Ji","pid":19256,"level":20,"msg":"Processed: source/lib/ua-parser-js/dist/ua-parser.min.js","time":"2017-01-23T11:29:51.316Z","v":0}
{"name":"hexo","hostname":"Xiang-Ji","pid":19256,"level":20,"msg":"Processed: source/lib/jquery_lazyload/jquery.scrollstop.js","time":"2017-01-23T11:29:51.317Z","v":0}
{"name":"hexo","hostname":"Xiang-Ji","pid":19256,"level":20,"msg":"Processed: source/lib/jquery_lazyload/jquery.lazyload.js","time":"2017-01-23T11:29:51.317Z","v":0}
{"name":"hexo","hostname":"Xiang-Ji","pid":19256,"level":20,"msg":"Processed: source/lib/jquery_lazyload/bower.json","time":"2017-01-23T11:29:51.318Z","v":0}
{"name":"hexo","hostname":"Xiang-Ji","pid":19256,"level":20,"msg":"Processed: source/lib/jquery_lazyload/README.md","time":"2017-01-23T11:29:51.318Z","v":0}
{"name":"hexo","hostname":"Xiang-Ji","pid":19256,"level":20,"msg":"Processed: source/lib/jquery_lazyload/CONTRIBUTING.md","time":"2017-01-23T11:29:51.318Z","v":0}
{"name":"hexo","hostname":"Xiang-Ji","pid":19256,"level":20,"msg":"Processed: source/lib/jquery/index.js","time":"2017-01-23T11:29:51.319Z","v":0}
{"name":"hexo","hostname":"Xiang-Ji","pid":19256,"level":20,"msg":"Processed: source/lib/font-awesome/fonts/fontawesome-webfont.woff2","time":"2017-01-23T11:29:51.319Z","v":0}
{"name":"hexo","hostname":"Xiang-Ji","pid":19256,"level":20,"msg":"Processed: source/lib/font-awesome/fonts/fontawesome-webfont.woff","time":"2017-01-23T11:29:51.320Z","v":0}
{"name":"hexo","hostname":"Xiang-Ji","pid":19256,"level":20,"msg":"Processed: source/lib/font-awesome/fonts/fontawesome-webfont.ttf","time":"2017-01-23T11:29:51.320Z","v":0}
{"name":"hexo","hostname":"Xiang-Ji","pid":19256,"level":20,"msg":"Processed: source/lib/font-awesome/fonts/fontawesome-webfont.svg","time":"2017-01-23T11:29:51.321Z","v":0}
{"name":"hexo","hostname":"Xiang-Ji","pid":19256,"level":20,"msg":"Processed: source/lib/font-awesome/fonts/fontawesome-webfont.eot","time":"2017-01-23T11:29:51.321Z","v":0}
{"name":"hexo","hostname":"Xiang-Ji","pid":19256,"level":20,"msg":"Processed: source/lib/font-awesome/fonts/FontAwesome.otf","time":"2017-01-23T11:29:51.322Z","v":0}
{"name":"hexo","hostname":"Xiang-Ji","pid":19256,"level":20,"msg":"Processed: source/lib/font-awesome/css/font-awesome.min.css","time":"2017-01-23T11:29:51.322Z","v":0}
{"name":"hexo","hostname":"Xiang-Ji","pid":19256,"level":20,"msg":"Processed: source/lib/font-awesome/css/font-awesome.css.map","time":"2017-01-23T11:29:51.322Z","v":0}
{"name":"hexo","hostname":"Xiang-Ji","pid":19256,"level":20,"msg":"Processed: source/lib/font-awesome/css/font-awesome.css","time":"2017-01-23T11:29:51.323Z","v":0}
{"name":"hexo","hostname":"Xiang-Ji","pid":19256,"level":20,"msg":"Processed: source/lib/font-awesome/bower.json","time":"2017-01-23T11:29:51.323Z","v":0}
{"name":"hexo","hostname":"Xiang-Ji","pid":19256,"level":20,"msg":"Processed: source/lib/font-awesome/HELP-US-OUT.txt","time":"2017-01-23T11:29:51.324Z","v":0}
{"name":"hexo","hostname":"Xiang-Ji","pid":19256,"level":20,"msg":"Processed: source/lib/fastclick/lib/fastclick.min.js","time":"2017-01-23T11:29:51.324Z","v":0}
{"name":"hexo","hostname":"Xiang-Ji","pid":19256,"level":20,"msg":"Processed: source/lib/fastclick/lib/fastclick.js","time":"2017-01-23T11:29:51.324Z","v":0}
{"name":"hexo","hostname":"Xiang-Ji","pid":19256,"level":20,"msg":"Processed: source/lib/fastclick/bower.json","time":"2017-01-23T11:29:51.325Z","v":0}
{"name":"hexo","hostname":"Xiang-Ji","pid":19256,"level":20,"msg":"Processed: source/lib/fastclick/README.md","time":"2017-01-23T11:29:51.326Z","v":0}
{"name":"hexo","hostname":"Xiang-Ji","pid":19256,"level":20,"msg":"Processed: source/lib/fastclick/LICENSE","time":"2017-01-23T11:29:51.327Z","v":0}
{"name":"hexo","hostname":"Xiang-Ji","pid":19256,"level":20,"msg":"Processed: source/lib/fancybox/source/jquery.fancybox.pack.js","time":"2017-01-23T11:29:51.328Z","v":0}
{"name":"hexo","hostname":"Xiang-Ji","pid":19256,"level":20,"msg":"Processed: source/lib/fancybox/source/jquery.fancybox.js","time":"2017-01-23T11:29:51.328Z","v":0}
{"name":"hexo","hostname":"Xiang-Ji","pid":19256,"level":20,"msg":"Processed: source/lib/fancybox/source/jquery.fancybox.css","time":"2017-01-23T11:29:51.329Z","v":0}
{"name":"hexo","hostname":"Xiang-Ji","pid":19256,"level":20,"msg":"Processed: source/lib/fancybox/source/helpers/jquery.fancybox-thumbs.js","time":"2017-01-23T11:29:51.330Z","v":0}
{"name":"hexo","hostname":"Xiang-Ji","pid":19256,"level":20,"msg":"Processed: source/lib/fancybox/source/helpers/jquery.fancybox-thumbs.css","time":"2017-01-23T11:29:51.330Z","v":0}
{"name":"hexo","hostname":"Xiang-Ji","pid":19256,"level":20,"msg":"Processed: source/lib/fancybox/source/helpers/jquery.fancybox-media.js","time":"2017-01-23T11:29:51.330Z","v":0}
{"name":"hexo","hostname":"Xiang-Ji","pid":19256,"level":20,"msg":"Processed: source/lib/fancybox/source/helpers/jquery.fancybox-buttons.js","time":"2017-01-23T11:29:51.331Z","v":0}
{"name":"hexo","hostname":"Xiang-Ji","pid":19256,"level":20,"msg":"Processed: source/lib/fancybox/source/helpers/jquery.fancybox-buttons.css","time":"2017-01-23T11:29:51.331Z","v":0}
{"name":"hexo","hostname":"Xiang-Ji","pid":19256,"level":20,"msg":"Processed: source/lib/fancybox/source/helpers/fancybox_buttons.png","time":"2017-01-23T11:29:51.332Z","v":0}
{"name":"hexo","hostname":"Xiang-Ji","pid":19256,"level":20,"msg":"Processed: source/lib/fancybox/source/fancybox_sprite@2x.png","time":"2017-01-23T11:29:51.333Z","v":0}
{"name":"hexo","hostname":"Xiang-Ji","pid":19256,"level":20,"msg":"Processed: source/lib/fancybox/source/fancybox_sprite.png","time":"2017-01-23T11:29:51.333Z","v":0}
{"name":"hexo","hostname":"Xiang-Ji","pid":19256,"level":20,"msg":"Processed: source/lib/fancybox/source/fancybox_overlay.png","time":"2017-01-23T11:29:51.333Z","v":0}
{"name":"hexo","hostname":"Xiang-Ji","pid":19256,"level":20,"msg":"Processed: source/lib/fancybox/source/fancybox_loading@2x.gif","time":"2017-01-23T11:29:51.334Z","v":0}
{"name":"hexo","hostname":"Xiang-Ji","pid":19256,"level":20,"msg":"Processed: source/lib/fancybox/source/fancybox_loading.gif","time":"2017-01-23T11:29:51.334Z","v":0}
{"name":"hexo","hostname":"Xiang-Ji","pid":19256,"level":20,"msg":"Processed: source/lib/fancybox/source/blank.gif","time":"2017-01-23T11:29:51.335Z","v":0}
{"name":"hexo","hostname":"Xiang-Ji","pid":19256,"level":20,"msg":"Processed: source/lib/canvas-nest/canvas-nest.min.js","time":"2017-01-23T11:29:51.336Z","v":0}
{"name":"hexo","hostname":"Xiang-Ji","pid":19256,"level":20,"msg":"Processed: source/lib/algolia-instant-search/instantsearch.min.js","time":"2017-01-23T11:29:51.337Z","v":0}
{"name":"hexo","hostname":"Xiang-Ji","pid":19256,"level":20,"msg":"Processed: source/lib/algolia-instant-search/instantsearch.min.css","time":"2017-01-23T11:29:51.337Z","v":0}
{"name":"hexo","hostname":"Xiang-Ji","pid":19256,"level":20,"msg":"Processed: source/js/src/utils.js","time":"2017-01-23T11:29:51.338Z","v":0}
{"name":"hexo","hostname":"Xiang-Ji","pid":19256,"level":20,"msg":"Processed: source/js/src/scrollspy.js","time":"2017-01-23T11:29:51.338Z","v":0}
{"name":"hexo","hostname":"Xiang-Ji","pid":19256,"level":20,"msg":"Processed: source/js/src/schemes/pisces.js","time":"2017-01-23T11:29:51.339Z","v":0}
{"name":"hexo","hostname":"Xiang-Ji","pid":19256,"level":20,"msg":"Processed: source/js/src/post-details.js","time":"2017-01-23T11:29:51.339Z","v":0}
{"name":"hexo","hostname":"Xiang-Ji","pid":19256,"level":20,"msg":"Processed: source/js/src/motion.js","time":"2017-01-23T11:29:51.340Z","v":0}
{"name":"hexo","hostname":"Xiang-Ji","pid":19256,"level":20,"msg":"Processed: source/js/src/hook-duoshuo.js","time":"2017-01-23T11:29:51.340Z","v":0}
{"name":"hexo","hostname":"Xiang-Ji","pid":19256,"level":20,"msg":"Processed: source/js/src/bootstrap.js","time":"2017-01-23T11:29:51.341Z","v":0}
{"name":"hexo","hostname":"Xiang-Ji","pid":19256,"level":20,"msg":"Processed: source/js/src/algolia-search.js","time":"2017-01-23T11:29:51.341Z","v":0}
{"name":"hexo","hostname":"Xiang-Ji","pid":19256,"level":20,"msg":"Processed: source/js/src/affix.js","time":"2017-01-23T11:29:51.341Z","v":0}
{"name":"hexo","hostname":"Xiang-Ji","pid":19256,"level":20,"msg":"Processed: source/images/searchicon.png","time":"2017-01-23T11:29:51.342Z","v":0}
{"name":"hexo","hostname":"Xiang-Ji","pid":19256,"level":20,"msg":"Processed: source/images/quote-r.svg","time":"2017-01-23T11:29:51.343Z","v":0}
{"name":"hexo","hostname":"Xiang-Ji","pid":19256,"level":20,"msg":"Processed: source/images/quote-l.svg","time":"2017-01-23T11:29:51.345Z","v":0}
{"name":"hexo","hostname":"Xiang-Ji","pid":19256,"level":20,"msg":"Processed: source/images/placeholder.gif","time":"2017-01-23T11:29:51.345Z","v":0}
{"name":"hexo","hostname":"Xiang-Ji","pid":19256,"level":20,"msg":"Processed: source/images/loading.gif","time":"2017-01-23T11:29:51.346Z","v":0}
{"name":"hexo","hostname":"Xiang-Ji","pid":19256,"level":20,"msg":"Processed: source/images/cc-zero.svg","time":"2017-01-23T11:29:51.346Z","v":0}
{"name":"hexo","hostname":"Xiang-Ji","pid":19256,"level":20,"msg":"Processed: source/images/cc-by.svg","time":"2017-01-23T11:29:51.347Z","v":0}
{"name":"hexo","hostname":"Xiang-Ji","pid":19256,"level":20,"msg":"Processed: source/images/cc-by-sa.svg","time":"2017-01-23T11:29:51.347Z","v":0}
{"name":"hexo","hostname":"Xiang-Ji","pid":19256,"level":20,"msg":"Processed: source/images/cc-by-nd.svg","time":"2017-01-23T11:29:51.347Z","v":0}
{"name":"hexo","hostname":"Xiang-Ji","pid":19256,"level":20,"msg":"Processed: source/images/cc-by-nc.svg","time":"2017-01-23T11:29:51.348Z","v":0}
{"name":"hexo","hostname":"Xiang-Ji","pid":19256,"level":20,"msg":"Processed: source/images/cc-by-nc-sa.svg","time":"2017-01-23T11:29:51.348Z","v":0}
{"name":"hexo","hostname":"Xiang-Ji","pid":19256,"level":20,"msg":"Processed: source/images/cc-by-nc-nd.svg","time":"2017-01-23T11:29:51.349Z","v":0}
{"name":"hexo","hostname":"Xiang-Ji","pid":19256,"level":20,"msg":"Processed: source/images/avatar.gif","time":"2017-01-23T11:29:51.349Z","v":0}
{"name":"hexo","hostname":"Xiang-Ji","pid":19256,"level":20,"msg":"Processed: source/images/algolia_logo.svg","time":"2017-01-23T11:29:51.349Z","v":0}
{"name":"hexo","hostname":"Xiang-Ji","pid":19256,"level":20,"msg":"Processed: source/css/main.styl","time":"2017-01-23T11:29:51.350Z","v":0}
{"name":"hexo","hostname":"Xiang-Ji","pid":19256,"level":20,"msg":"Processed: _posts/course-note-2.md","time":"2017-01-23T11:29:51.360Z","v":0}
{"name":"hexo","hostname":"Xiang-Ji","pid":19256,"level":20,"msg":"Processed: layout/tag.swig","time":"2017-01-23T11:29:51.362Z","v":0}
{"name":"hexo","hostname":"Xiang-Ji","pid":19256,"level":20,"msg":"Processed: _posts/course-note-1.md","time":"2017-01-23T11:29:51.367Z","v":0}
{"name":"hexo","hostname":"Xiang-Ji","pid":19256,"level":20,"msg":"Processed: layout/schedule.swig","time":"2017-01-23T11:29:51.369Z","v":0}
{"name":"hexo","hostname":"Xiang-Ji","pid":19256,"level":20,"msg":"Processed: _posts/Quick-Start.md","time":"2017-01-23T11:29:51.373Z","v":0}
{"name":"hexo","hostname":"Xiang-Ji","pid":19256,"level":20,"msg":"Processed: layout/post.swig","time":"2017-01-23T11:29:51.377Z","v":0}
{"name":"hexo","hostname":"Xiang-Ji","pid":19256,"level":20,"msg":"Processed: _posts/JavaScript学习笔记-3.md","time":"2017-01-23T11:29:51.383Z","v":0}
{"name":"hexo","hostname":"Xiang-Ji","pid":19256,"level":20,"msg":"Processed: layout/page.swig","time":"2017-01-23T11:29:51.387Z","v":0}
{"name":"hexo","hostname":"Xiang-Ji","pid":19256,"level":20,"msg":"Processed: _posts/JavaScript学习笔记-2.md","time":"2017-01-23T11:29:51.388Z","v":0}
{"name":"hexo","hostname":"Xiang-Ji","pid":19256,"level":20,"msg":"Processed: layout/index.swig","time":"2017-01-23T11:29:51.396Z","v":0}
{"name":"hexo","hostname":"Xiang-Ji","pid":19256,"level":20,"msg":"Processed: _posts/JavaScript学习笔记-1.md","time":"2017-01-23T11:29:51.397Z","v":0}
{"name":"hexo","hostname":"Xiang-Ji","pid":19256,"level":20,"msg":"Processed: layout/category.swig","time":"2017-01-23T11:29:51.401Z","v":0}
{"name":"hexo","hostname":"Xiang-Ji","pid":19256,"level":20,"msg":"Processed: _posts/How-to-build-your-owner-blog-with-HEXO.md","time":"2017-01-23T11:29:51.402Z","v":0}
{"name":"hexo","hostname":"Xiang-Ji","pid":19256,"level":20,"msg":"Processed: layout/archive.swig","time":"2017-01-23T11:29:52.106Z","v":0}
{"name":"hexo","hostname":"Xiang-Ji","pid":19256,"level":20,"msg":"Processed: layout/_scripts/vendors.swig","time":"2017-01-23T11:29:52.107Z","v":0}
{"name":"hexo","hostname":"Xiang-Ji","pid":19256,"level":20,"msg":"Processed: layout/_scripts/third-party/tinysou.swig","time":"2017-01-23T11:29:52.108Z","v":0}
{"name":"hexo","hostname":"Xiang-Ji","pid":19256,"level":20,"msg":"Processed: layout/_scripts/third-party/schedule.swig","time":"2017-01-23T11:29:52.114Z","v":0}
{"name":"hexo","hostname":"Xiang-Ji","pid":19256,"level":20,"msg":"Processed: layout/_scripts/third-party/mathjax.swig","time":"2017-01-23T11:29:52.114Z","v":0}
{"name":"hexo","hostname":"Xiang-Ji","pid":19256,"level":20,"msg":"Processed: layout/_scripts/third-party/localsearch.swig","time":"2017-01-23T11:29:52.115Z","v":0}
{"name":"hexo","hostname":"Xiang-Ji","pid":19256,"level":20,"msg":"Processed: layout/_scripts/third-party/lean-analytics.swig","time":"2017-01-23T11:29:52.115Z","v":0}
{"name":"hexo","hostname":"Xiang-Ji","pid":19256,"level":20,"msg":"Processed: layout/_scripts/third-party/comments.swig","time":"2017-01-23T11:29:52.143Z","v":0}
{"name":"hexo","hostname":"Xiang-Ji","pid":19256,"level":20,"msg":"Processed: layout/_scripts/third-party/comments/youyan.swig","time":"2017-01-23T11:29:52.143Z","v":0}
{"name":"hexo","hostname":"Xiang-Ji","pid":19256,"level":20,"msg":"Processed: layout/_scripts/third-party/comments/hypercomments.swig","time":"2017-01-23T11:29:52.144Z","v":0}
{"name":"hexo","hostname":"Xiang-Ji","pid":19256,"level":20,"msg":"Processed: layout/_scripts/third-party/comments/gentie.swig","time":"2017-01-23T11:29:52.144Z","v":0}
{"name":"hexo","hostname":"Xiang-Ji","pid":19256,"level":20,"msg":"Processed: layout/_scripts/third-party/comments/duoshuo.swig","time":"2017-01-23T11:29:52.145Z","v":0}
{"name":"hexo","hostname":"Xiang-Ji","pid":19256,"level":20,"msg":"Processed: layout/_scripts/third-party/comments/disqus.swig","time":"2017-01-23T11:29:52.145Z","v":0}
{"name":"hexo","hostname":"Xiang-Ji","pid":19256,"level":20,"msg":"Processed: layout/_scripts/third-party/analytics.swig","time":"2017-01-23T11:29:52.146Z","v":0}
{"name":"hexo","hostname":"Xiang-Ji","pid":19256,"level":20,"msg":"Processed: layout/_scripts/third-party/analytics/tencent-analytics.swig","time":"2017-01-23T11:29:52.146Z","v":0}
{"name":"hexo","hostname":"Xiang-Ji","pid":19256,"level":20,"msg":"Processed: layout/_scripts/third-party/analytics/google-analytics.swig","time":"2017-01-23T11:29:52.147Z","v":0}
{"name":"hexo","hostname":"Xiang-Ji","pid":19256,"level":20,"msg":"Processed: layout/_scripts/third-party/analytics/facebook-sdk.swig","time":"2017-01-23T11:29:52.147Z","v":0}
{"name":"hexo","hostname":"Xiang-Ji","pid":19256,"level":20,"msg":"Processed: layout/_scripts/third-party/analytics/cnzz-analytics.swig","time":"2017-01-23T11:29:52.148Z","v":0}
{"name":"hexo","hostname":"Xiang-Ji","pid":19256,"level":20,"msg":"Processed: layout/_scripts/third-party/analytics/busuanzi-counter.swig","time":"2017-01-23T11:29:52.148Z","v":0}
{"name":"hexo","hostname":"Xiang-Ji","pid":19256,"level":20,"msg":"Processed: layout/_scripts/third-party/analytics/baidu-analytics.swig","time":"2017-01-23T11:29:52.149Z","v":0}
{"name":"hexo","hostname":"Xiang-Ji","pid":19256,"level":20,"msg":"Processed: layout/_scripts/third-party/analytics/application-insights.swig","time":"2017-01-23T11:29:52.149Z","v":0}
{"name":"hexo","hostname":"Xiang-Ji","pid":19256,"level":20,"msg":"Processed: layout/_scripts/schemes/pisces.swig","time":"2017-01-23T11:29:52.150Z","v":0}
{"name":"hexo","hostname":"Xiang-Ji","pid":19256,"level":20,"msg":"Processed: layout/_scripts/schemes/muse.swig","time":"2017-01-23T11:29:52.151Z","v":0}
{"name":"hexo","hostname":"Xiang-Ji","pid":19256,"level":20,"msg":"Processed: layout/_scripts/schemes/mist.swig","time":"2017-01-23T11:29:52.153Z","v":0}
{"name":"hexo","hostname":"Xiang-Ji","pid":19256,"level":20,"msg":"Processed: layout/_scripts/pages/post-details.swig","time":"2017-01-23T11:29:52.157Z","v":0}
{"name":"hexo","hostname":"Xiang-Ji","pid":19256,"level":20,"msg":"Processed: layout/_scripts/commons.swig","time":"2017-01-23T11:29:52.161Z","v":0}
{"name":"hexo","hostname":"Xiang-Ji","pid":19256,"level":20,"msg":"Processed: layout/_scripts/boostrap.swig","time":"2017-01-23T11:29:52.161Z","v":0}
{"name":"hexo","hostname":"Xiang-Ji","pid":19256,"level":20,"msg":"Processed: layout/_scripts/baidu-push.swig","time":"2017-01-23T11:29:52.163Z","v":0}
{"name":"hexo","hostname":"Xiang-Ji","pid":19256,"level":20,"msg":"Processed: layout/_partials/share/jiathis.swig","time":"2017-01-23T11:29:52.164Z","v":0}
{"name":"hexo","hostname":"Xiang-Ji","pid":19256,"level":20,"msg":"Processed: layout/_partials/share/duoshuo_share.swig","time":"2017-01-23T11:29:52.165Z","v":0}
{"name":"hexo","hostname":"Xiang-Ji","pid":19256,"level":20,"msg":"Processed: layout/_partials/share/baidushare.swig","time":"2017-01-23T11:29:52.165Z","v":0}
{"name":"hexo","hostname":"Xiang-Ji","pid":19256,"level":20,"msg":"Processed: layout/_partials/share/add-this.swig","time":"2017-01-23T11:29:52.166Z","v":0}
{"name":"hexo","hostname":"Xiang-Ji","pid":19256,"level":20,"msg":"Processed: layout/_partials/search.swig","time":"2017-01-23T11:29:52.166Z","v":0}
{"name":"hexo","hostname":"Xiang-Ji","pid":19256,"level":20,"msg":"Processed: layout/_partials/search/tinysou.swig","time":"2017-01-23T11:29:52.167Z","v":0}
{"name":"hexo","hostname":"Xiang-Ji","pid":19256,"level":20,"msg":"Processed: layout/_partials/search/swiftype.swig","time":"2017-01-23T11:29:52.170Z","v":0}
{"name":"hexo","hostname":"Xiang-Ji","pid":19256,"level":20,"msg":"Processed: layout/_partials/search/localsearch.swig","time":"2017-01-23T11:29:52.171Z","v":0}
{"name":"hexo","hostname":"Xiang-Ji","pid":19256,"level":20,"msg":"Processed: layout/_partials/pagination.swig","time":"2017-01-23T11:29:52.171Z","v":0}
{"name":"hexo","hostname":"Xiang-Ji","pid":19256,"level":20,"msg":"Processed: layout/_partials/page-header.swig","time":"2017-01-23T11:29:52.172Z","v":0}
{"name":"hexo","hostname":"Xiang-Ji","pid":19256,"level":20,"msg":"Processed: layout/_partials/header.swig","time":"2017-01-23T11:29:52.172Z","v":0}
{"name":"hexo","hostname":"Xiang-Ji","pid":19256,"level":20,"msg":"Processed: layout/_partials/head.swig","time":"2017-01-23T11:29:52.173Z","v":0}
{"name":"hexo","hostname":"Xiang-Ji","pid":19256,"level":20,"msg":"Processed: layout/_partials/head/external-fonts.swig","time":"2017-01-23T11:29:52.173Z","v":0}
{"name":"hexo","hostname":"Xiang-Ji","pid":19256,"level":20,"msg":"Processed: layout/_partials/head/custom-head.swig","time":"2017-01-23T11:29:52.173Z","v":0}
{"name":"hexo","hostname":"Xiang-Ji","pid":19256,"level":20,"msg":"Processed: layout/_partials/footer.swig","time":"2017-01-23T11:29:52.174Z","v":0}
{"name":"hexo","hostname":"Xiang-Ji","pid":19256,"level":20,"msg":"Processed: layout/_partials/duoshuo-hot-articles.swig","time":"2017-01-23T11:29:52.175Z","v":0}
{"name":"hexo","hostname":"Xiang-Ji","pid":19256,"level":20,"msg":"Processed: layout/_partials/comments.swig","time":"2017-01-23T11:29:52.176Z","v":0}
{"name":"hexo","hostname":"Xiang-Ji","pid":19256,"level":20,"msg":"Processed: layout/_macro/wechat-subscriber.swig","time":"2017-01-23T11:29:52.178Z","v":0}
{"name":"hexo","hostname":"Xiang-Ji","pid":19256,"level":20,"msg":"Processed: layout/_macro/sidebar.swig","time":"2017-01-23T11:29:52.178Z","v":0}
{"name":"hexo","hostname":"Xiang-Ji","pid":19256,"level":20,"msg":"Processed: layout/_macro/reward.swig","time":"2017-01-23T11:29:52.179Z","v":0}
{"name":"hexo","hostname":"Xiang-Ji","pid":19256,"level":20,"msg":"Processed: layout/_macro/post.swig","time":"2017-01-23T11:29:52.179Z","v":0}
{"name":"hexo","hostname":"Xiang-Ji","pid":19256,"level":20,"msg":"Processed: layout/_macro/post-collapse.swig","time":"2017-01-23T11:29:52.180Z","v":0}
{"name":"hexo","hostname":"Xiang-Ji","pid":19256,"level":20,"msg":"Processed: layout/_layout.swig","time":"2017-01-23T11:29:52.180Z","v":0}
{"name":"hexo","hostname":"Xiang-Ji","pid":19256,"level":20,"msg":"Processed: layout/_custom/sidebar.swig","time":"2017-01-23T11:29:52.180Z","v":0}
{"name":"hexo","hostname":"Xiang-Ji","pid":19256,"level":20,"msg":"Processed: layout/_custom/header.swig","time":"2017-01-23T11:29:52.181Z","v":0}
{"name":"hexo","hostname":"Xiang-Ji","pid":19256,"level":20,"msg":"Processed: layout/_components/algolia-search/dom.swig","time":"2017-01-23T11:29:52.181Z","v":0}
{"name":"hexo","hostname":"Xiang-Ji","pid":19256,"level":20,"msg":"Processed: layout/_components/algolia-search/assets.swig","time":"2017-01-23T11:29:52.182Z","v":0}
{"name":"hexo","hostname":"Xiang-Ji","pid":19256,"level":20,"msg":"Processed: languages/zh-tw.yml","time":"2017-01-23T11:29:52.186Z","v":0}
{"name":"hexo","hostname":"Xiang-Ji","pid":19256,"level":20,"msg":"Processed: languages/zh-hk.yml","time":"2017-01-23T11:29:52.191Z","v":0}
{"name":"hexo","hostname":"Xiang-Ji","pid":19256,"level":20,"msg":"Processed: languages/zh-Hans.yml","time":"2017-01-23T11:29:52.198Z","v":0}
{"name":"hexo","hostname":"Xiang-Ji","pid":19256,"level":20,"msg":"Processed: languages/ru.yml","time":"2017-01-23T11:29:52.200Z","v":0}
{"name":"hexo","hostname":"Xiang-Ji","pid":19256,"level":20,"msg":"Processed: languages/pt.yml","time":"2017-01-23T11:29:52.204Z","v":0}
{"name":"hexo","hostname":"Xiang-Ji","pid":19256,"level":20,"msg":"Processed: languages/pt-BR.yml","time":"2017-01-23T11:29:52.206Z","v":0}
{"name":"hexo","hostname":"Xiang-Ji","pid":19256,"level":20,"msg":"Processed: languages/ko.yml","time":"2017-01-23T11:29:52.207Z","v":0}
{"name":"hexo","hostname":"Xiang-Ji","pid":19256,"level":20,"msg":"Processed: languages/ja.yml","time":"2017-01-23T11:29:52.209Z","v":0}
{"name":"hexo","hostname":"Xiang-Ji","pid":19256,"level":20,"msg":"Processed: languages/id.yml","time":"2017-01-23T11:29:52.211Z","v":0}
{"name":"hexo","hostname":"Xiang-Ji","pid":19256,"level":20,"msg":"Processed: languages/fr-FR.yml","time":"2017-01-23T11:29:52.214Z","v":0}
{"name":"hexo","hostname":"Xiang-Ji","pid":19256,"level":20,"msg":"Processed: languages/en.yml","time":"2017-01-23T11:29:52.215Z","v":0}
{"name":"hexo","hostname":"Xiang-Ji","pid":19256,"level":20,"msg":"Processed: languages/default.yml","time":"2017-01-23T11:29:52.218Z","v":0}
{"name":"hexo","hostname":"Xiang-Ji","pid":19256,"level":20,"msg":"Processed: languages/de.yml","time":"2017-01-23T11:29:52.221Z","v":0}
{"name":"hexo","hostname":"Xiang-Ji","pid":19256,"level":20,"msg":"Theme config loaded.","time":"2017-01-23T11:29:52.230Z","v":0}
{"name":"hexo","hostname":"Xiang-Ji","pid":19256,"level":20,"msg":"Processed: _config.yml","time":"2017-01-23T11:29:52.230Z","v":0}
{"name":"hexo","hostname":"Xiang-Ji","pid":19256,"level":20,"msg":"Generator: page","time":"2017-01-23T11:29:56.707Z","v":0}
{"name":"hexo","hostname":"Xiang-Ji","pid":19256,"level":20,"msg":"Generator: post","time":"2017-01-23T11:29:56.708Z","v":0}
{"name":"hexo","hostname":"Xiang-Ji","pid":19256,"level":20,"msg":"Generator: archive","time":"2017-01-23T11:29:56.708Z","v":0}
{"name":"hexo","hostname":"Xiang-Ji","pid":19256,"level":20,"msg":"Generator: category","time":"2017-01-23T11:29:56.708Z","v":0}
{"name":"hexo","hostname":"Xiang-Ji","pid":19256,"level":20,"msg":"Generator: index","time":"2017-01-23T11:29:56.708Z","v":0}
{"name":"hexo","hostname":"Xiang-Ji","pid":19256,"level":20,"msg":"Generator: tag","time":"2017-01-23T11:29:56.708Z","v":0}
{"name":"hexo","hostname":"Xiang-Ji","pid":19256,"level":20,"msg":"Generator: asset","time":"2017-01-23T11:29:56.731Z","v":0}
{"name":"hexo","hostname":"Xiang-Ji","pid":19256,"level":30,"msg":"Hexo is running at http://0.0.0.0:4000/. Press Ctrl+C to stop.","time":"2017-01-23T11:29:56.794Z","v":0}
{"name":"hexo","hostname":"Xiang-Ji","pid":19256,"level":20,"msg":"Database saved","time":"2017-01-23T11:29:56.861Z","v":0}
{"name":"hexo","hostname":"Xiang-Ji","pid":19256,"level":20,"msg":"Rendering index: index.html","time":"2017-01-23T11:29:59.327Z","v":0}
{"name":"hexo","hostname":"Xiang-Ji","pid":19256,"level":20,"msg":"Updated: themes/NexT/_config.yml","time":"2017-01-23T11:31:53.480Z","v":0}
{"name":"hexo","hostname":"Xiang-Ji","pid":19256,"level":20,"msg":"Theme config loaded.","time":"2017-01-23T11:31:53.584Z","v":0}
{"name":"hexo","hostname":"Xiang-Ji","pid":19256,"level":20,"msg":"Processed: _config.yml","time":"2017-01-23T11:31:53.585Z","v":0}
{"name":"hexo","hostname":"Xiang-Ji","pid":19256,"level":20,"msg":"Generator: page","time":"2017-01-23T11:31:53.736Z","v":0}
{"name":"hexo","hostname":"Xiang-Ji","pid":19256,"level":20,"msg":"Generator: post","time":"2017-01-23T11:31:53.737Z","v":0}
{"name":"hexo","hostname":"Xiang-Ji","pid":19256,"level":20,"msg":"Generator: archive","time":"2017-01-23T11:31:53.737Z","v":0}
{"name":"hexo","hostname":"Xiang-Ji","pid":19256,"level":20,"msg":"Generator: category","time":"2017-01-23T11:31:53.737Z","v":0}
{"name":"hexo","hostname":"Xiang-Ji","pid":19256,"level":20,"msg":"Generator: index","time":"2017-01-23T11:31:53.737Z","v":0}
{"name":"hexo","hostname":"Xiang-Ji","pid":19256,"level":20,"msg":"Generator: tag","time":"2017-01-23T11:31:53.737Z","v":0}
{"name":"hexo","hostname":"Xiang-Ji","pid":19256,"level":20,"msg":"Generator: asset","time":"2017-01-23T11:31:53.787Z","v":0}
{"name":"hexo","hostname":"Xiang-Ji","pid":19256,"level":20,"msg":"Updated: themes/NexT/_config.yml","time":"2017-01-23T11:34:12.465Z","v":0}
{"name":"hexo","hostname":"Xiang-Ji","pid":19256,"level":20,"msg":"Theme config loaded.","time":"2017-01-23T11:34:12.570Z","v":0}
{"name":"hexo","hostname":"Xiang-Ji","pid":19256,"level":20,"msg":"Processed: _config.yml","time":"2017-01-23T11:34:12.571Z","v":0}
{"name":"hexo","hostname":"Xiang-Ji","pid":19256,"level":20,"msg":"Generator: page","time":"2017-01-23T11:34:12.749Z","v":0}
{"name":"hexo","hostname":"Xiang-Ji","pid":19256,"level":20,"msg":"Generator: post","time":"2017-01-23T11:34:12.749Z","v":0}
{"name":"hexo","hostname":"Xiang-Ji","pid":19256,"level":20,"msg":"Generator: archive","time":"2017-01-23T11:34:12.750Z","v":0}
{"name":"hexo","hostname":"Xiang-Ji","pid":19256,"level":20,"msg":"Generator: category","time":"2017-01-23T11:34:12.750Z","v":0}
{"name":"hexo","hostname":"Xiang-Ji","pid":19256,"level":20,"msg":"Generator: index","time":"2017-01-23T11:34:12.750Z","v":0}
{"name":"hexo","hostname":"Xiang-Ji","pid":19256,"level":20,"msg":"Generator: tag","time":"2017-01-23T11:34:12.750Z","v":0}
{"name":"hexo","hostname":"Xiang-Ji","pid":19256,"level":20,"msg":"Generator: asset","time":"2017-01-23T11:34:12.752Z","v":0}
{"name":"hexo","hostname":"Xiang-Ji","pid":36108,"level":20,"msg":"Hexo version: 3.1.1","time":"2017-01-23T11:34:40.280Z","v":0}
{"name":"hexo","hostname":"Xiang-Ji","pid":36108,"level":20,"msg":"Working directory: E:\\Hexo\\","time":"2017-01-23T11:34:40.318Z","v":0}
{"name":"hexo","hostname":"Xiang-Ji","pid":36108,"level":20,"msg":"Config loaded: E:\\Hexo\\_config.yml","time":"2017-01-23T11:34:40.769Z","v":0}
{"name":"hexo","hostname":"Xiang-Ji","pid":36108,"level":20,"msg":"Plugin loaded: hexo-deployer-git","time":"2017-01-23T11:34:42.629Z","v":0}
{"name":"hexo","hostname":"Xiang-Ji","pid":36108,"level":20,"msg":"Plugin loaded: hexo-generator-index","time":"2017-01-23T11:34:42.629Z","v":0}
{"name":"hexo","hostname":"Xiang-Ji","pid":36108,"level":20,"msg":"Plugin loaded: hexo-generator-archive","time":"2017-01-23T11:34:43.399Z","v":0}
{"name":"hexo","hostname":"Xiang-Ji","pid":36108,"level":20,"msg":"Plugin loaded: hexo-renderer-ejs","time":"2017-01-23T11:34:43.399Z","v":0}
{"name":"hexo","hostname":"Xiang-Ji","pid":36108,"level":20,"msg":"Plugin loaded: hexo-generator-tag","time":"2017-01-23T11:34:43.400Z","v":0}
{"name":"hexo","hostname":"Xiang-Ji","pid":36108,"level":20,"msg":"Plugin loaded: hexo-renderer-marked","time":"2017-01-23T11:34:43.400Z","v":0}
